八月 22, 2018 9:21:01 上午 org.apache.catalina.core.AprLifecycleListener init
信息: Loaded APR based Apache Tomcat Native library 1.1.29 using APR version 1.4.8.
八月 22, 2018 9:21:01 上午 org.apache.catalina.core.AprLifecycleListener init
信息: APR capabilities: IPv6 [true], sendfile [true], accept filters [false], random [true].
八月 22, 2018 9:21:02 上午 org.apache.catalina.core.AprLifecycleListener initializeSSL
信息: OpenSSL successfully initialized (OpenSSL 1.0.1e 11 Feb 2013)
八月 22, 2018 9:21:02 上午 org.apache.coyote.AbstractProtocol init
信息: Initializing ProtocolHandler ["http-apr-8080"]
八月 22, 2018 9:21:02 上午 org.apache.coyote.AbstractProtocol init
信息: Initializing ProtocolHandler ["ajp-apr-8009"]
八月 22, 2018 9:21:02 上午 org.apache.catalina.startup.Catalina load
信息: Initialization processed in 1556 ms
八月 22, 2018 9:21:02 上午 org.apache.catalina.core.StandardService startInternal
信息: Starting service Catalina
八月 22, 2018 9:21:02 上午 org.apache.catalina.core.StandardEngine startInternal
信息: Starting Servlet Engine: Apache Tomcat/7.0.52
八月 22, 2018 9:21:02 上午 org.apache.catalina.startup.HostConfig deployWAR
信息: Deploying web application archive F:\giovani-applicaion\apache-tomcat-7.0.52\webapps\cas.war
八月 22, 2018 9:21:10 上午 org.apache.catalina.startup.HostConfig deployDirectory
信息: Deploying web application directory F:\giovani-applicaion\apache-tomcat-7.0.52\webapps\docs
八月 22, 2018 9:21:10 上午 org.apache.catalina.startup.HostConfig deployDirectory
信息: Deploying web application directory F:\giovani-applicaion\apache-tomcat-7.0.52\webapps\examples
八月 22, 2018 9:21:10 上午 org.apache.catalina.startup.HostConfig deployDirectory
信息: Deploying web application directory F:\giovani-applicaion\apache-tomcat-7.0.52\webapps\host-manager
八月 22, 2018 9:21:10 上午 org.apache.catalina.startup.HostConfig deployDirectory
信息: Deploying web application directory F:\giovani-applicaion\apache-tomcat-7.0.52\webapps\manager
八月 22, 2018 9:21:10 上午 org.apache.catalina.startup.HostConfig deployDirectory
信息: Deploying web application directory F:\giovani-applicaion\apache-tomcat-7.0.52\webapps\ROOT
八月 22, 2018 9:21:10 上午 org.apache.coyote.AbstractProtocol start
信息: Starting ProtocolHandler ["http-apr-8080"]
八月 22, 2018 9:21:10 上午 org.apache.coyote.AbstractProtocol start
信息: Starting ProtocolHandler ["ajp-apr-8009"]
八月 22, 2018 9:21:10 上午 org.apache.catalina.startup.Catalina start
信息: Server startup in 8216 ms
八月 22, 2018 9:21:33 上午 org.apache.jasper.compiler.TldLocationsCache tldScanJar
信息: At least one JAR was scanned for TLDs yet contained no TLDs. Enable debug logging for this logger for a complete list of JARs that were scanned but no TLDs were found in them. Skipping unneeded JARs during scanning can improve startup time and JSP compilation time.
八月 22, 2018 9:21:39 上午 org.apache.catalina.core.StandardServer await
信息: A valid shutdown command was received via the shutdown port. Stopping the Server instance.
八月 22, 2018 9:21:39 上午 org.apache.coyote.AbstractProtocol pause
信息: Pausing ProtocolHandler ["http-apr-8080"]
八月 22, 2018 9:21:39 上午 org.apache.coyote.AbstractProtocol pause
信息: Pausing ProtocolHandler ["ajp-apr-8009"]
八月 22, 2018 9:21:39 上午 org.apache.catalina.core.StandardService stopInternal
信息: Stopping service Catalina
八月 22, 2018 9:21:39 上午 org.apache.catalina.loader.WebappClassLoader clearReferencesThreads
严重: The web application [/cas] appears to have started a thread named [perf4j-async-stats-appender-sink-CoalescingStatistics] but has failed to stop it. This is very likely to create a memory leak.
八月 22, 2018 9:21:39 上午 org.apache.catalina.loader.WebappClassLoader clearReferencesThreads
严重: The web application [/cas] appears to have started a thread named [FileWatchdog] but has failed to stop it. This is very likely to create a memory leak.
八月 22, 2018 9:21:39 上午 org.apache.catalina.loader.WebappClassLoader clearReferencesThreads
严重: The web application [/cas] appears to have started a thread named [scheduler_Worker-1] but has failed to stop it. This is very likely to create a memory leak.
八月 22, 2018 9:21:39 上午 org.apache.catalina.loader.WebappClassLoader clearReferencesThreads
严重: The web application [/cas] appears to have started a thread named [scheduler_Worker-2] but has failed to stop it. This is very likely to create a memory leak.
八月 22, 2018 9:21:39 上午 org.apache.catalina.loader.WebappClassLoader clearReferencesThreads
严重: The web application [/cas] appears to have started a thread named [scheduler_Worker-3] but has failed to stop it. This is very likely to create a memory leak.
八月 22, 2018 9:21:39 上午 org.apache.catalina.loader.WebappClassLoader clearReferencesThreads
严重: The web application [/cas] appears to have started a thread named [scheduler_Worker-4] but has failed to stop it. This is very likely to create a memory leak.
八月 22, 2018 9:21:39 上午 org.apache.catalina.loader.WebappClassLoader clearReferencesThreads
严重: The web application [/cas] appears to have started a thread named [scheduler_Worker-5] but has failed to stop it. This is very likely to create a memory leak.
八月 22, 2018 9:21:39 上午 org.apache.catalina.loader.WebappClassLoader clearReferencesThreads
严重: The web application [/cas] appears to have started a thread named [scheduler_Worker-6] but has failed to stop it. This is very likely to create a memory leak.
八月 22, 2018 9:21:39 上午 org.apache.catalina.loader.WebappClassLoader clearReferencesThreads
严重: The web application [/cas] appears to have started a thread named [scheduler_Worker-7] but has failed to stop it. This is very likely to create a memory leak.
八月 22, 2018 9:21:39 上午 org.apache.catalina.loader.WebappClassLoader clearReferencesThreads
严重: The web application [/cas] appears to have started a thread named [scheduler_Worker-8] but has failed to stop it. This is very likely to create a memory leak.
八月 22, 2018 9:21:39 上午 org.apache.catalina.loader.WebappClassLoader clearReferencesThreads
严重: The web application [/cas] appears to have started a thread named [scheduler_Worker-9] but has failed to stop it. This is very likely to create a memory leak.
八月 22, 2018 9:21:39 上午 org.apache.catalina.loader.WebappClassLoader clearReferencesThreads
严重: The web application [/cas] appears to have started a thread named [scheduler_Worker-10] but has failed to stop it. This is very likely to create a memory leak.
八月 22, 2018 9:21:39 上午 org.apache.coyote.AbstractProtocol stop
信息: Stopping ProtocolHandler ["http-apr-8080"]
八月 22, 2018 9:21:40 上午 org.apache.coyote.AbstractProtocol stop
信息: Stopping ProtocolHandler ["ajp-apr-8009"]
八月 22, 2018 9:21:40 上午 org.apache.coyote.AbstractProtocol destroy
信息: Destroying ProtocolHandler ["http-apr-8080"]
八月 22, 2018 9:21:40 上午 org.apache.coyote.AbstractProtocol destroy
信息: Destroying ProtocolHandler ["ajp-apr-8009"]
八月 22, 2018 9:43:57 上午 org.apache.catalina.startup.Catalina stopServer
严重: Could not contact localhost:8005. Tomcat may not be running.
八月 22, 2018 9:43:58 上午 org.apache.catalina.startup.Catalina stopServer
严重: Catalina.stop: 
java.net.ConnectException: Connection refused: connect
	at java.net.DualStackPlainSocketImpl.connect0(Native Method)
	at java.net.DualStackPlainSocketImpl.socketConnect(DualStackPlainSocketImpl.java:79)
	at java.net.AbstractPlainSocketImpl.doConnect(AbstractPlainSocketImpl.java:350)
	at java.net.AbstractPlainSocketImpl.connectToAddress(AbstractPlainSocketImpl.java:206)
	at java.net.AbstractPlainSocketImpl.connect(AbstractPlainSocketImpl.java:188)
	at java.net.PlainSocketImpl.connect(PlainSocketImpl.java:172)
	at java.net.SocksSocketImpl.connect(SocksSocketImpl.java:392)
	at java.net.Socket.connect(Socket.java:589)
	at java.net.Socket.connect(Socket.java:538)
	at java.net.Socket.<init>(Socket.java:434)
	at java.net.Socket.<init>(Socket.java:211)
	at org.apache.catalina.startup.Catalina.stopServer(Catalina.java:498)
	at sun.reflect.NativeMethodAccessorImpl.invoke0(Native Method)
	at sun.reflect.NativeMethodAccessorImpl.invoke(NativeMethodAccessorImpl.java:62)
	at sun.reflect.DelegatingMethodAccessorImpl.invoke(DelegatingMethodAccessorImpl.java:43)
	at java.lang.reflect.Method.invoke(Method.java:498)
	at org.apache.catalina.startup.Bootstrap.stopServer(Bootstrap.java:370)
	at org.apache.catalina.startup.Bootstrap.main(Bootstrap.java:457)

八月 22, 2018 9:44:03 上午 org.apache.catalina.core.AprLifecycleListener init
信息: Loaded APR based Apache Tomcat Native library 1.1.29 using APR version 1.4.8.
八月 22, 2018 9:44:03 上午 org.apache.catalina.core.AprLifecycleListener init
信息: APR capabilities: IPv6 [true], sendfile [true], accept filters [false], random [true].
八月 22, 2018 9:44:05 上午 org.apache.catalina.core.AprLifecycleListener initializeSSL
信息: OpenSSL successfully initialized (OpenSSL 1.0.1e 11 Feb 2013)
八月 22, 2018 9:44:05 上午 org.apache.coyote.AbstractProtocol init
信息: Initializing ProtocolHandler ["http-apr-9100"]
八月 22, 2018 9:44:05 上午 org.apache.coyote.AbstractProtocol init
信息: Initializing ProtocolHandler ["ajp-apr-8009"]
八月 22, 2018 9:44:05 上午 org.apache.catalina.startup.Catalina load
信息: Initialization processed in 1642 ms
八月 22, 2018 9:44:05 上午 org.apache.catalina.core.StandardService startInternal
信息: Starting service Catalina
八月 22, 2018 9:44:05 上午 org.apache.catalina.core.StandardEngine startInternal
信息: Starting Servlet Engine: Apache Tomcat/7.0.52
八月 22, 2018 9:44:05 上午 org.apache.catalina.startup.HostConfig deployWAR
信息: Deploying web application archive F:\giovani-applicaion\apache-tomcat-7.0.52-cas\webapps\cas.war
八月 22, 2018 9:44:12 上午 org.apache.catalina.startup.HostConfig deployDirectory
信息: Deploying web application directory F:\giovani-applicaion\apache-tomcat-7.0.52-cas\webapps\docs
八月 22, 2018 9:44:12 上午 org.apache.catalina.startup.HostConfig deployDirectory
信息: Deploying web application directory F:\giovani-applicaion\apache-tomcat-7.0.52-cas\webapps\examples
八月 22, 2018 9:44:12 上午 org.apache.catalina.startup.HostConfig deployDirectory
信息: Deploying web application directory F:\giovani-applicaion\apache-tomcat-7.0.52-cas\webapps\host-manager
八月 22, 2018 9:44:12 上午 org.apache.catalina.startup.HostConfig deployDirectory
信息: Deploying web application directory F:\giovani-applicaion\apache-tomcat-7.0.52-cas\webapps\manager
八月 22, 2018 9:44:12 上午 org.apache.catalina.startup.HostConfig deployDirectory
信息: Deploying web application directory F:\giovani-applicaion\apache-tomcat-7.0.52-cas\webapps\ROOT
八月 22, 2018 9:44:12 上午 org.apache.coyote.AbstractProtocol start
信息: Starting ProtocolHandler ["http-apr-9100"]
八月 22, 2018 9:44:12 上午 org.apache.coyote.AbstractProtocol start
信息: Starting ProtocolHandler ["ajp-apr-8009"]
八月 22, 2018 9:44:12 上午 org.apache.catalina.startup.Catalina start
信息: Server startup in 7437 ms
八月 22, 2018 9:45:21 上午 org.apache.jasper.compiler.TldLocationsCache tldScanJar
信息: At least one JAR was scanned for TLDs yet contained no TLDs. Enable debug logging for this logger for a complete list of JARs that were scanned but no TLDs were found in them. Skipping unneeded JARs during scanning can improve startup time and JSP compilation time.
八月 22, 2018 9:54:57 上午 org.apache.catalina.core.AprLifecycleListener init
信息: Loaded APR based Apache Tomcat Native library 1.1.29 using APR version 1.4.8.
八月 22, 2018 9:54:57 上午 org.apache.catalina.core.AprLifecycleListener init
信息: APR capabilities: IPv6 [true], sendfile [true], accept filters [false], random [true].
八月 22, 2018 9:54:58 上午 org.apache.catalina.core.AprLifecycleListener initializeSSL
信息: OpenSSL successfully initialized (OpenSSL 1.0.1e 11 Feb 2013)
八月 22, 2018 9:54:58 上午 org.apache.coyote.AbstractProtocol init
信息: Initializing ProtocolHandler ["http-apr-9100"]
八月 22, 2018 9:54:58 上午 org.apache.coyote.AbstractProtocol init
严重: Failed to initialize end point associated with ProtocolHandler ["http-apr-9100"]
java.lang.Exception: Socket bind failed: [730048] ?????????×???(Э?é/???????/???)????í??
	at org.apache.tomcat.util.net.AprEndpoint.bind(AprEndpoint.java:430)
	at org.apache.tomcat.util.net.AbstractEndpoint.init(AbstractEndpoint.java:640)
	at org.apache.coyote.AbstractProtocol.init(AbstractProtocol.java:434)
	at org.apache.catalina.connector.Connector.initInternal(Connector.java:978)
	at org.apache.catalina.util.LifecycleBase.init(LifecycleBase.java:102)
	at org.apache.catalina.core.StandardService.initInternal(StandardService.java:559)
	at org.apache.catalina.util.LifecycleBase.init(LifecycleBase.java:102)
	at org.apache.catalina.core.StandardServer.initInternal(StandardServer.java:813)
	at org.apache.catalina.util.LifecycleBase.init(LifecycleBase.java:102)
	at org.apache.catalina.startup.Catalina.load(Catalina.java:638)
	at org.apache.catalina.startup.Catalina.load(Catalina.java:663)
	at sun.reflect.NativeMethodAccessorImpl.invoke0(Native Method)
	at sun.reflect.NativeMethodAccessorImpl.invoke(NativeMethodAccessorImpl.java:62)
	at sun.reflect.DelegatingMethodAccessorImpl.invoke(DelegatingMethodAccessorImpl.java:43)
	at java.lang.reflect.Method.invoke(Method.java:498)
	at org.apache.catalina.startup.Bootstrap.load(Bootstrap.java:280)
	at org.apache.catalina.startup.Bootstrap.main(Bootstrap.java:454)

八月 22, 2018 9:54:58 上午 org.apache.catalina.core.StandardService initInternal
严重: Failed to initialize connector [Connector[HTTP/1.1-9100]]
org.apache.catalina.LifecycleException: Failed to initialize component [Connector[HTTP/1.1-9100]]
	at org.apache.catalina.util.LifecycleBase.init(LifecycleBase.java:106)
	at org.apache.catalina.core.StandardService.initInternal(StandardService.java:559)
	at org.apache.catalina.util.LifecycleBase.init(LifecycleBase.java:102)
	at org.apache.catalina.core.StandardServer.initInternal(StandardServer.java:813)
	at org.apache.catalina.util.LifecycleBase.init(LifecycleBase.java:102)
	at org.apache.catalina.startup.Catalina.load(Catalina.java:638)
	at org.apache.catalina.startup.Catalina.load(Catalina.java:663)
	at sun.reflect.NativeMethodAccessorImpl.invoke0(Native Method)
	at sun.reflect.NativeMethodAccessorImpl.invoke(NativeMethodAccessorImpl.java:62)
	at sun.reflect.DelegatingMethodAccessorImpl.invoke(DelegatingMethodAccessorImpl.java:43)
	at java.lang.reflect.Method.invoke(Method.java:498)
	at org.apache.catalina.startup.Bootstrap.load(Bootstrap.java:280)
	at org.apache.catalina.startup.Bootstrap.main(Bootstrap.java:454)
Caused by: org.apache.catalina.LifecycleException: Protocol handler initialization failed
	at org.apache.catalina.connector.Connector.initInternal(Connector.java:980)
	at org.apache.catalina.util.LifecycleBase.init(LifecycleBase.java:102)
	... 12 more
Caused by: java.lang.Exception: Socket bind failed: [730048] ?????????×???(Э?é/???????/???)????í??
	at org.apache.tomcat.util.net.AprEndpoint.bind(AprEndpoint.java:430)
	at org.apache.tomcat.util.net.AbstractEndpoint.init(AbstractEndpoint.java:640)
	at org.apache.coyote.AbstractProtocol.init(AbstractProtocol.java:434)
	at org.apache.catalina.connector.Connector.initInternal(Connector.java:978)
	... 13 more

八月 22, 2018 9:54:58 上午 org.apache.coyote.AbstractProtocol init
信息: Initializing ProtocolHandler ["ajp-apr-8009"]
八月 22, 2018 9:54:58 上午 org.apache.coyote.AbstractProtocol init
严重: Failed to initialize end point associated with ProtocolHandler ["ajp-apr-8009"]
java.lang.Exception: Socket bind failed: [730048] ?????????×???(Э?é/???????/???)????í??
	at org.apache.tomcat.util.net.AprEndpoint.bind(AprEndpoint.java:430)
	at org.apache.tomcat.util.net.AbstractEndpoint.init(AbstractEndpoint.java:640)
	at org.apache.coyote.AbstractProtocol.init(AbstractProtocol.java:434)
	at org.apache.catalina.connector.Connector.initInternal(Connector.java:978)
	at org.apache.catalina.util.LifecycleBase.init(LifecycleBase.java:102)
	at org.apache.catalina.core.StandardService.initInternal(StandardService.java:559)
	at org.apache.catalina.util.LifecycleBase.init(LifecycleBase.java:102)
	at org.apache.catalina.core.StandardServer.initInternal(StandardServer.java:813)
	at org.apache.catalina.util.LifecycleBase.init(LifecycleBase.java:102)
	at org.apache.catalina.startup.Catalina.load(Catalina.java:638)
	at org.apache.catalina.startup.Catalina.load(Catalina.java:663)
	at sun.reflect.NativeMethodAccessorImpl.invoke0(Native Method)
	at sun.reflect.NativeMethodAccessorImpl.invoke(NativeMethodAccessorImpl.java:62)
	at sun.reflect.DelegatingMethodAccessorImpl.invoke(DelegatingMethodAccessorImpl.java:43)
	at java.lang.reflect.Method.invoke(Method.java:498)
	at org.apache.catalina.startup.Bootstrap.load(Bootstrap.java:280)
	at org.apache.catalina.startup.Bootstrap.main(Bootstrap.java:454)

八月 22, 2018 9:54:58 上午 org.apache.catalina.core.StandardService initInternal
严重: Failed to initialize connector [Connector[AJP/1.3-8009]]
org.apache.catalina.LifecycleException: Failed to initialize component [Connector[AJP/1.3-8009]]
	at org.apache.catalina.util.LifecycleBase.init(LifecycleBase.java:106)
	at org.apache.catalina.core.StandardService.initInternal(StandardService.java:559)
	at org.apache.catalina.util.LifecycleBase.init(LifecycleBase.java:102)
	at org.apache.catalina.core.StandardServer.initInternal(StandardServer.java:813)
	at org.apache.catalina.util.LifecycleBase.init(LifecycleBase.java:102)
	at org.apache.catalina.startup.Catalina.load(Catalina.java:638)
	at org.apache.catalina.startup.Catalina.load(Catalina.java:663)
	at sun.reflect.NativeMethodAccessorImpl.invoke0(Native Method)
	at sun.reflect.NativeMethodAccessorImpl.invoke(NativeMethodAccessorImpl.java:62)
	at sun.reflect.DelegatingMethodAccessorImpl.invoke(DelegatingMethodAccessorImpl.java:43)
	at java.lang.reflect.Method.invoke(Method.java:498)
	at org.apache.catalina.startup.Bootstrap.load(Bootstrap.java:280)
	at org.apache.catalina.startup.Bootstrap.main(Bootstrap.java:454)
Caused by: org.apache.catalina.LifecycleException: Protocol handler initialization failed
	at org.apache.catalina.connector.Connector.initInternal(Connector.java:980)
	at org.apache.catalina.util.LifecycleBase.init(LifecycleBase.java:102)
	... 12 more
Caused by: java.lang.Exception: Socket bind failed: [730048] ?????????×???(Э?é/???????/???)????í??
	at org.apache.tomcat.util.net.AprEndpoint.bind(AprEndpoint.java:430)
	at org.apache.tomcat.util.net.AbstractEndpoint.init(AbstractEndpoint.java:640)
	at org.apache.coyote.AbstractProtocol.init(AbstractProtocol.java:434)
	at org.apache.catalina.connector.Connector.initInternal(Connector.java:978)
	... 13 more

八月 22, 2018 9:54:58 上午 org.apache.catalina.startup.Catalina load
信息: Initialization processed in 1615 ms
八月 22, 2018 9:54:58 上午 org.apache.catalina.core.StandardService startInternal
信息: Starting service Catalina
八月 22, 2018 9:54:58 上午 org.apache.catalina.core.StandardEngine startInternal
信息: Starting Servlet Engine: Apache Tomcat/7.0.52
八月 22, 2018 9:54:58 上午 org.apache.catalina.startup.HostConfig deployWAR
信息: Deploying web application archive F:\giovani-applicaion\apache-tomcat-7.0.52-cas\webapps\cas.war
八月 22, 2018 9:55:04 上午 org.apache.catalina.core.StandardServer await
信息: A valid shutdown command was received via the shutdown port. Stopping the Server instance.
八月 22, 2018 9:55:04 上午 org.apache.coyote.AbstractProtocol pause
信息: Pausing ProtocolHandler ["http-apr-9100"]
八月 22, 2018 9:55:04 上午 org.apache.coyote.AbstractProtocol pause
信息: Pausing ProtocolHandler ["ajp-apr-8009"]
八月 22, 2018 9:55:05 上午 org.apache.catalina.core.StandardService stopInternal
信息: Stopping service Catalina
八月 22, 2018 9:55:05 上午 org.apache.catalina.loader.WebappClassLoader clearReferencesJdbc
严重: The web application [/cas] registered the JDBC driver [com.mysql.jdbc.Driver] but failed to unregister it when the web application was stopped. To prevent a memory leak, the JDBC Driver has been forcibly unregistered.
八月 22, 2018 9:55:05 上午 org.apache.catalina.loader.WebappClassLoader clearReferencesThreads
严重: The web application [/cas] appears to have started a thread named [perf4j-async-stats-appender-sink-CoalescingStatistics] but has failed to stop it. This is very likely to create a memory leak.
八月 22, 2018 9:55:05 上午 org.apache.catalina.loader.WebappClassLoader clearReferencesThreads
严重: The web application [/cas] appears to have started a thread named [FileWatchdog] but has failed to stop it. This is very likely to create a memory leak.
八月 22, 2018 9:55:05 上午 org.apache.catalina.loader.WebappClassLoader clearReferencesThreads
严重: The web application [/cas] appears to have started a thread named [scheduler_Worker-2] but has failed to stop it. This is very likely to create a memory leak.
八月 22, 2018 9:55:05 上午 org.apache.catalina.loader.WebappClassLoader clearReferencesThreads
严重: The web application [/cas] appears to have started a thread named [scheduler_Worker-4] but has failed to stop it. This is very likely to create a memory leak.
八月 22, 2018 9:55:05 上午 org.apache.catalina.loader.WebappClassLoader clearReferencesThreads
严重: The web application [/cas] appears to have started a thread named [scheduler_Worker-5] but has failed to stop it. This is very likely to create a memory leak.
八月 22, 2018 9:55:05 上午 org.apache.catalina.loader.WebappClassLoader clearReferencesThreads
严重: The web application [/cas] appears to have started a thread named [scheduler_Worker-6] but has failed to stop it. This is very likely to create a memory leak.
八月 22, 2018 9:55:05 上午 org.apache.catalina.loader.WebappClassLoader clearReferencesThreads
严重: The web application [/cas] appears to have started a thread named [scheduler_Worker-7] but has failed to stop it. This is very likely to create a memory leak.
八月 22, 2018 9:55:05 上午 org.apache.catalina.loader.WebappClassLoader clearReferencesThreads
严重: The web application [/cas] appears to have started a thread named [scheduler_Worker-8] but has failed to stop it. This is very likely to create a memory leak.
八月 22, 2018 9:55:05 上午 org.apache.catalina.loader.WebappClassLoader clearReferencesThreads
严重: The web application [/cas] appears to have started a thread named [scheduler_Worker-9] but has failed to stop it. This is very likely to create a memory leak.
八月 22, 2018 9:55:05 上午 org.apache.catalina.loader.WebappClassLoader clearReferencesThreads
严重: The web application [/cas] appears to have started a thread named [scheduler_Worker-10] but has failed to stop it. This is very likely to create a memory leak.
八月 22, 2018 9:55:05 上午 org.apache.catalina.loader.WebappClassLoader clearReferencesThreads
严重: The web application [/cas] appears to have started a thread named [Timer-0] but has failed to stop it. This is very likely to create a memory leak.
八月 22, 2018 9:55:05 上午 org.apache.catalina.loader.WebappClassLoader clearReferencesThreads
严重: The web application [/cas] appears to have started a thread named [com.mchange.v2.async.ThreadPoolAsynchronousRunner$PoolThread-#0] but has failed to stop it. This is very likely to create a memory leak.
八月 22, 2018 9:55:05 上午 org.apache.catalina.loader.WebappClassLoader clearReferencesThreads
严重: The web application [/cas] appears to have started a thread named [com.mchange.v2.async.ThreadPoolAsynchronousRunner$PoolThread-#1] but has failed to stop it. This is very likely to create a memory leak.
八月 22, 2018 9:55:05 上午 org.apache.catalina.loader.WebappClassLoader clearReferencesThreads
严重: The web application [/cas] appears to have started a thread named [com.mchange.v2.async.ThreadPoolAsynchronousRunner$PoolThread-#2] but has failed to stop it. This is very likely to create a memory leak.
八月 22, 2018 9:55:05 上午 org.apache.catalina.loader.WebappClassLoader clearReferencesThreads
严重: The web application [/cas] appears to have started a thread named [Abandoned connection cleanup thread] but has failed to stop it. This is very likely to create a memory leak.
八月 22, 2018 9:55:05 上午 org.apache.catalina.loader.WebappClassLoader checkThreadLocalMapForLeaks
严重: The web application [/cas] created a ThreadLocal with key of type [java.lang.ThreadLocal] (value [java.lang.ThreadLocal@eb80c63]) and a value of type [org.springframework.security.core.context.SecurityContextImpl] (value [org.springframework.security.core.context.SecurityContextImpl@ffffffff: Null authentication]) but failed to remove it when the web application was stopped. Threads are going to be renewed over time to try and avoid a probable memory leak.
八月 22, 2018 9:55:05 上午 org.apache.coyote.AbstractProtocol stop
信息: Stopping ProtocolHandler ["http-apr-9100"]
八月 22, 2018 9:55:05 上午 org.apache.coyote.AbstractProtocol stop
信息: Stopping ProtocolHandler ["ajp-apr-8009"]
八月 22, 2018 9:55:05 上午 org.apache.coyote.AbstractProtocol destroy
信息: Destroying ProtocolHandler ["http-apr-9100"]
八月 22, 2018 9:55:05 上午 org.apache.coyote.AbstractProtocol destroy
信息: Destroying ProtocolHandler ["ajp-apr-8009"]
八月 22, 2018 9:55:07 上午 org.apache.catalina.core.AprLifecycleListener init
信息: Loaded APR based Apache Tomcat Native library 1.1.29 using APR version 1.4.8.
八月 22, 2018 9:55:07 上午 org.apache.catalina.core.AprLifecycleListener init
信息: APR capabilities: IPv6 [true], sendfile [true], accept filters [false], random [true].
八月 22, 2018 9:55:08 上午 org.apache.catalina.core.AprLifecycleListener initializeSSL
信息: OpenSSL successfully initialized (OpenSSL 1.0.1e 11 Feb 2013)
八月 22, 2018 9:55:09 上午 org.apache.coyote.AbstractProtocol init
信息: Initializing ProtocolHandler ["http-apr-9100"]
八月 22, 2018 9:55:09 上午 org.apache.coyote.AbstractProtocol init
信息: Initializing ProtocolHandler ["ajp-apr-8009"]
八月 22, 2018 9:55:09 上午 org.apache.catalina.startup.Catalina load
信息: Initialization processed in 1594 ms
八月 22, 2018 9:55:09 上午 org.apache.catalina.core.StandardService startInternal
信息: Starting service Catalina
八月 22, 2018 9:55:09 上午 org.apache.catalina.core.StandardEngine startInternal
信息: Starting Servlet Engine: Apache Tomcat/7.0.52
八月 22, 2018 9:55:09 上午 org.apache.catalina.startup.HostConfig deployWAR
信息: Deploying web application archive F:\giovani-applicaion\apache-tomcat-7.0.52-cas\webapps\cas.war
八月 22, 2018 9:55:16 上午 org.apache.catalina.startup.HostConfig deployDirectory
信息: Deploying web application directory F:\giovani-applicaion\apache-tomcat-7.0.52-cas\webapps\docs
八月 22, 2018 9:55:16 上午 org.apache.catalina.startup.HostConfig deployDirectory
信息: Deploying web application directory F:\giovani-applicaion\apache-tomcat-7.0.52-cas\webapps\examples
八月 22, 2018 9:55:16 上午 org.apache.catalina.startup.HostConfig deployDirectory
信息: Deploying web application directory F:\giovani-applicaion\apache-tomcat-7.0.52-cas\webapps\host-manager
八月 22, 2018 9:55:16 上午 org.apache.catalina.startup.HostConfig deployDirectory
信息: Deploying web application directory F:\giovani-applicaion\apache-tomcat-7.0.52-cas\webapps\manager
八月 22, 2018 9:55:16 上午 org.apache.catalina.startup.HostConfig deployDirectory
信息: Deploying web application directory F:\giovani-applicaion\apache-tomcat-7.0.52-cas\webapps\ROOT
八月 22, 2018 9:55:16 上午 org.apache.coyote.AbstractProtocol start
信息: Starting ProtocolHandler ["http-apr-9100"]
八月 22, 2018 9:55:17 上午 org.apache.coyote.AbstractProtocol start
信息: Starting ProtocolHandler ["ajp-apr-8009"]
八月 22, 2018 9:55:17 上午 org.apache.catalina.startup.Catalina start
信息: Server startup in 7853 ms
八月 22, 2018 9:55:33 上午 org.apache.jasper.compiler.TldLocationsCache tldScanJar
信息: At least one JAR was scanned for TLDs yet contained no TLDs. Enable debug logging for this logger for a complete list of JARs that were scanned but no TLDs were found in them. Skipping unneeded JARs during scanning can improve startup time and JSP compilation time.
八月 22, 2018 9:57:14 上午 org.apache.catalina.core.StandardServer await
信息: A valid shutdown command was received via the shutdown port. Stopping the Server instance.
八月 22, 2018 9:57:14 上午 org.apache.coyote.AbstractProtocol pause
信息: Pausing ProtocolHandler ["http-apr-9100"]
八月 22, 2018 9:57:14 上午 org.apache.coyote.AbstractProtocol pause
信息: Pausing ProtocolHandler ["ajp-apr-8009"]
八月 22, 2018 9:57:14 上午 org.apache.catalina.core.StandardService stopInternal
信息: Stopping service Catalina
八月 22, 2018 9:57:14 上午 org.apache.catalina.loader.WebappClassLoader clearReferencesJdbc
严重: The web application [/cas] registered the JDBC driver [com.mysql.jdbc.Driver] but failed to unregister it when the web application was stopped. To prevent a memory leak, the JDBC Driver has been forcibly unregistered.
八月 22, 2018 9:57:14 上午 org.apache.catalina.loader.WebappClassLoader clearReferencesThreads
严重: The web application [/cas] appears to have started a thread named [perf4j-async-stats-appender-sink-CoalescingStatistics] but has failed to stop it. This is very likely to create a memory leak.
八月 22, 2018 9:57:14 上午 org.apache.catalina.loader.WebappClassLoader clearReferencesThreads
严重: The web application [/cas] appears to have started a thread named [FileWatchdog] but has failed to stop it. This is very likely to create a memory leak.
八月 22, 2018 9:57:14 上午 org.apache.catalina.loader.WebappClassLoader clearReferencesThreads
严重: The web application [/cas] appears to have started a thread named [scheduler_Worker-1] but has failed to stop it. This is very likely to create a memory leak.
八月 22, 2018 9:57:14 上午 org.apache.catalina.loader.WebappClassLoader clearReferencesThreads
严重: The web application [/cas] appears to have started a thread named [scheduler_Worker-2] but has failed to stop it. This is very likely to create a memory leak.
八月 22, 2018 9:57:14 上午 org.apache.catalina.loader.WebappClassLoader clearReferencesThreads
严重: The web application [/cas] appears to have started a thread named [scheduler_Worker-3] but has failed to stop it. This is very likely to create a memory leak.
八月 22, 2018 9:57:14 上午 org.apache.catalina.loader.WebappClassLoader clearReferencesThreads
严重: The web application [/cas] appears to have started a thread named [scheduler_Worker-4] but has failed to stop it. This is very likely to create a memory leak.
八月 22, 2018 9:57:14 上午 org.apache.catalina.loader.WebappClassLoader clearReferencesThreads
严重: The web application [/cas] appears to have started a thread named [scheduler_Worker-5] but has failed to stop it. This is very likely to create a memory leak.
八月 22, 2018 9:57:14 上午 org.apache.catalina.loader.WebappClassLoader clearReferencesThreads
严重: The web application [/cas] appears to have started a thread named [scheduler_Worker-6] but has failed to stop it. This is very likely to create a memory leak.
八月 22, 2018 9:57:14 上午 org.apache.catalina.loader.WebappClassLoader clearReferencesThreads
严重: The web application [/cas] appears to have started a thread named [scheduler_Worker-7] but has failed to stop it. This is very likely to create a memory leak.
八月 22, 2018 9:57:14 上午 org.apache.catalina.loader.WebappClassLoader clearReferencesThreads
严重: The web application [/cas] appears to have started a thread named [scheduler_Worker-8] but has failed to stop it. This is very likely to create a memory leak.
八月 22, 2018 9:57:14 上午 org.apache.catalina.loader.WebappClassLoader clearReferencesThreads
严重: The web application [/cas] appears to have started a thread named [scheduler_Worker-9] but has failed to stop it. This is very likely to create a memory leak.
八月 22, 2018 9:57:14 上午 org.apache.catalina.loader.WebappClassLoader clearReferencesThreads
严重: The web application [/cas] appears to have started a thread named [scheduler_Worker-10] but has failed to stop it. This is very likely to create a memory leak.
八月 22, 2018 9:57:14 上午 org.apache.catalina.loader.WebappClassLoader clearReferencesThreads
严重: The web application [/cas] appears to have started a thread named [Timer-0] but has failed to stop it. This is very likely to create a memory leak.
八月 22, 2018 9:57:14 上午 org.apache.catalina.loader.WebappClassLoader clearReferencesThreads
严重: The web application [/cas] appears to have started a thread named [com.mchange.v2.async.ThreadPoolAsynchronousRunner$PoolThread-#0] but has failed to stop it. This is very likely to create a memory leak.
八月 22, 2018 9:57:14 上午 org.apache.catalina.loader.WebappClassLoader clearReferencesThreads
严重: The web application [/cas] appears to have started a thread named [com.mchange.v2.async.ThreadPoolAsynchronousRunner$PoolThread-#1] but has failed to stop it. This is very likely to create a memory leak.
八月 22, 2018 9:57:14 上午 org.apache.catalina.loader.WebappClassLoader clearReferencesThreads
严重: The web application [/cas] appears to have started a thread named [com.mchange.v2.async.ThreadPoolAsynchronousRunner$PoolThread-#2] but has failed to stop it. This is very likely to create a memory leak.
八月 22, 2018 9:57:14 上午 org.apache.catalina.loader.WebappClassLoader clearReferencesThreads
严重: The web application [/cas] appears to have started a thread named [Abandoned connection cleanup thread] but has failed to stop it. This is very likely to create a memory leak.
八月 22, 2018 9:57:14 上午 org.apache.catalina.loader.WebappClassLoader checkThreadLocalMapForLeaks
严重: The web application [/cas] created a ThreadLocal with key of type [java.lang.ThreadLocal] (value [java.lang.ThreadLocal@53378e9]) and a value of type [org.springframework.security.core.context.SecurityContextImpl] (value [org.springframework.security.core.context.SecurityContextImpl@ffffffff: Null authentication]) but failed to remove it when the web application was stopped. Threads are going to be renewed over time to try and avoid a probable memory leak.
八月 22, 2018 9:57:14 上午 org.apache.coyote.AbstractProtocol stop
信息: Stopping ProtocolHandler ["http-apr-9100"]
八月 22, 2018 9:57:14 上午 org.apache.coyote.AbstractProtocol stop
信息: Stopping ProtocolHandler ["ajp-apr-8009"]
八月 22, 2018 9:57:15 上午 org.apache.coyote.AbstractProtocol destroy
信息: Destroying ProtocolHandler ["http-apr-9100"]
八月 22, 2018 9:57:15 上午 org.apache.coyote.AbstractProtocol destroy
信息: Destroying ProtocolHandler ["ajp-apr-8009"]
八月 22, 2018 9:57:16 上午 org.apache.catalina.core.AprLifecycleListener init
信息: Loaded APR based Apache Tomcat Native library 1.1.29 using APR version 1.4.8.
八月 22, 2018 9:57:16 上午 org.apache.catalina.core.AprLifecycleListener init
信息: APR capabilities: IPv6 [true], sendfile [true], accept filters [false], random [true].
八月 22, 2018 9:57:17 上午 org.apache.catalina.core.AprLifecycleListener initializeSSL
信息: OpenSSL successfully initialized (OpenSSL 1.0.1e 11 Feb 2013)
八月 22, 2018 9:57:17 上午 org.apache.coyote.AbstractProtocol init
信息: Initializing ProtocolHandler ["http-apr-9100"]
八月 22, 2018 9:57:17 上午 org.apache.coyote.AbstractProtocol init
信息: Initializing ProtocolHandler ["ajp-apr-8009"]
八月 22, 2018 9:57:17 上午 org.apache.catalina.startup.Catalina load
信息: Initialization processed in 1623 ms
八月 22, 2018 9:57:17 上午 org.apache.catalina.core.StandardService startInternal
信息: Starting service Catalina
八月 22, 2018 9:57:17 上午 org.apache.catalina.core.StandardEngine startInternal
信息: Starting Servlet Engine: Apache Tomcat/7.0.52
八月 22, 2018 9:57:17 上午 org.apache.catalina.startup.HostConfig deployWAR
信息: Deploying web application archive F:\giovani-applicaion\apache-tomcat-7.0.52-cas\webapps\cas.war
八月 22, 2018 9:57:25 上午 org.apache.catalina.startup.HostConfig deployDirectory
信息: Deploying web application directory F:\giovani-applicaion\apache-tomcat-7.0.52-cas\webapps\docs
八月 22, 2018 9:57:25 上午 org.apache.catalina.startup.HostConfig deployDirectory
信息: Deploying web application directory F:\giovani-applicaion\apache-tomcat-7.0.52-cas\webapps\examples
八月 22, 2018 9:57:25 上午 org.apache.catalina.startup.HostConfig deployDirectory
信息: Deploying web application directory F:\giovani-applicaion\apache-tomcat-7.0.52-cas\webapps\host-manager
八月 22, 2018 9:57:25 上午 org.apache.catalina.startup.HostConfig deployDirectory
信息: Deploying web application directory F:\giovani-applicaion\apache-tomcat-7.0.52-cas\webapps\manager
八月 22, 2018 9:57:25 上午 org.apache.catalina.startup.HostConfig deployDirectory
信息: Deploying web application directory F:\giovani-applicaion\apache-tomcat-7.0.52-cas\webapps\ROOT
八月 22, 2018 9:57:25 上午 org.apache.coyote.AbstractProtocol start
信息: Starting ProtocolHandler ["http-apr-9100"]
八月 22, 2018 9:57:25 上午 org.apache.coyote.AbstractProtocol start
信息: Starting ProtocolHandler ["ajp-apr-8009"]
八月 22, 2018 9:57:25 上午 org.apache.catalina.startup.Catalina start
信息: Server startup in 7706 ms
八月 22, 2018 9:58:43 上午 org.apache.catalina.core.StandardServer await
信息: A valid shutdown command was received via the shutdown port. Stopping the Server instance.
八月 22, 2018 9:58:43 上午 org.apache.coyote.AbstractProtocol pause
信息: Pausing ProtocolHandler ["http-apr-9100"]
八月 22, 2018 9:58:43 上午 org.apache.coyote.AbstractProtocol pause
信息: Pausing ProtocolHandler ["ajp-apr-8009"]
八月 22, 2018 9:58:43 上午 org.apache.catalina.core.StandardService stopInternal
信息: Stopping service Catalina
八月 22, 2018 9:58:43 上午 org.apache.catalina.loader.WebappClassLoader clearReferencesJdbc
严重: The web application [/cas] registered the JDBC driver [com.mysql.jdbc.Driver] but failed to unregister it when the web application was stopped. To prevent a memory leak, the JDBC Driver has been forcibly unregistered.
八月 22, 2018 9:58:43 上午 org.apache.catalina.loader.WebappClassLoader clearReferencesThreads
严重: The web application [/cas] appears to have started a thread named [perf4j-async-stats-appender-sink-CoalescingStatistics] but has failed to stop it. This is very likely to create a memory leak.
八月 22, 2018 9:58:43 上午 org.apache.catalina.loader.WebappClassLoader clearReferencesThreads
严重: The web application [/cas] appears to have started a thread named [FileWatchdog] but has failed to stop it. This is very likely to create a memory leak.
八月 22, 2018 9:58:43 上午 org.apache.catalina.loader.WebappClassLoader clearReferencesThreads
严重: The web application [/cas] appears to have started a thread named [scheduler_Worker-1] but has failed to stop it. This is very likely to create a memory leak.
八月 22, 2018 9:58:43 上午 org.apache.catalina.loader.WebappClassLoader clearReferencesThreads
严重: The web application [/cas] appears to have started a thread named [scheduler_Worker-2] but has failed to stop it. This is very likely to create a memory leak.
八月 22, 2018 9:58:43 上午 org.apache.catalina.loader.WebappClassLoader clearReferencesThreads
严重: The web application [/cas] appears to have started a thread named [scheduler_Worker-3] but has failed to stop it. This is very likely to create a memory leak.
八月 22, 2018 9:58:43 上午 org.apache.catalina.loader.WebappClassLoader clearReferencesThreads
严重: The web application [/cas] appears to have started a thread named [scheduler_Worker-4] but has failed to stop it. This is very likely to create a memory leak.
八月 22, 2018 9:58:43 上午 org.apache.catalina.loader.WebappClassLoader clearReferencesThreads
严重: The web application [/cas] appears to have started a thread named [scheduler_Worker-5] but has failed to stop it. This is very likely to create a memory leak.
八月 22, 2018 9:58:43 上午 org.apache.catalina.loader.WebappClassLoader clearReferencesThreads
严重: The web application [/cas] appears to have started a thread named [scheduler_Worker-6] but has failed to stop it. This is very likely to create a memory leak.
八月 22, 2018 9:58:43 上午 org.apache.catalina.loader.WebappClassLoader clearReferencesThreads
严重: The web application [/cas] appears to have started a thread named [scheduler_Worker-7] but has failed to stop it. This is very likely to create a memory leak.
八月 22, 2018 9:58:43 上午 org.apache.catalina.loader.WebappClassLoader clearReferencesThreads
严重: The web application [/cas] appears to have started a thread named [scheduler_Worker-8] but has failed to stop it. This is very likely to create a memory leak.
八月 22, 2018 9:58:43 上午 org.apache.catalina.loader.WebappClassLoader clearReferencesThreads
严重: The web application [/cas] appears to have started a thread named [scheduler_Worker-9] but has failed to stop it. This is very likely to create a memory leak.
八月 22, 2018 9:58:43 上午 org.apache.catalina.loader.WebappClassLoader clearReferencesThreads
严重: The web application [/cas] appears to have started a thread named [scheduler_Worker-10] but has failed to stop it. This is very likely to create a memory leak.
八月 22, 2018 9:58:43 上午 org.apache.catalina.loader.WebappClassLoader clearReferencesThreads
严重: The web application [/cas] appears to have started a thread named [Timer-0] but has failed to stop it. This is very likely to create a memory leak.
八月 22, 2018 9:58:43 上午 org.apache.catalina.loader.WebappClassLoader clearReferencesThreads
严重: The web application [/cas] appears to have started a thread named [com.mchange.v2.async.ThreadPoolAsynchronousRunner$PoolThread-#0] but has failed to stop it. This is very likely to create a memory leak.
八月 22, 2018 9:58:43 上午 org.apache.catalina.loader.WebappClassLoader clearReferencesThreads
严重: The web application [/cas] appears to have started a thread named [com.mchange.v2.async.ThreadPoolAsynchronousRunner$PoolThread-#1] but has failed to stop it. This is very likely to create a memory leak.
八月 22, 2018 9:58:43 上午 org.apache.catalina.loader.WebappClassLoader clearReferencesThreads
严重: The web application [/cas] appears to have started a thread named [com.mchange.v2.async.ThreadPoolAsynchronousRunner$PoolThread-#2] but has failed to stop it. This is very likely to create a memory leak.
八月 22, 2018 9:58:43 上午 org.apache.catalina.loader.WebappClassLoader clearReferencesThreads
严重: The web application [/cas] appears to have started a thread named [Abandoned connection cleanup thread] but has failed to stop it. This is very likely to create a memory leak.
八月 22, 2018 9:58:43 上午 org.apache.catalina.loader.WebappClassLoader checkThreadLocalMapForLeaks
严重: The web application [/cas] created a ThreadLocal with key of type [java.lang.ThreadLocal] (value [java.lang.ThreadLocal@c3c8d56]) and a value of type [org.springframework.security.core.context.SecurityContextImpl] (value [org.springframework.security.core.context.SecurityContextImpl@ffffffff: Null authentication]) but failed to remove it when the web application was stopped. Threads are going to be renewed over time to try and avoid a probable memory leak.
八月 22, 2018 9:58:43 上午 org.apache.catalina.loader.WebappClassLoader checkThreadLocalMapForLeaks
严重: The web application [/cas] created a ThreadLocal with key of type [java.lang.ThreadLocal] (value [java.lang.ThreadLocal@c3c8d56]) and a value of type [org.springframework.security.core.context.SecurityContextImpl] (value [org.springframework.security.core.context.SecurityContextImpl@ffffffff: Null authentication]) but failed to remove it when the web application was stopped. Threads are going to be renewed over time to try and avoid a probable memory leak.
八月 22, 2018 9:58:43 上午 org.apache.catalina.loader.WebappClassLoader checkThreadLocalMapForLeaks
严重: The web application [/cas] created a ThreadLocal with key of type [java.lang.ThreadLocal] (value [java.lang.ThreadLocal@c3c8d56]) and a value of type [org.springframework.security.core.context.SecurityContextImpl] (value [org.springframework.security.core.context.SecurityContextImpl@ffffffff: Null authentication]) but failed to remove it when the web application was stopped. Threads are going to be renewed over time to try and avoid a probable memory leak.
八月 22, 2018 9:58:43 上午 org.apache.coyote.AbstractProtocol stop
信息: Stopping ProtocolHandler ["http-apr-9100"]
八月 22, 2018 9:58:44 上午 org.apache.coyote.AbstractProtocol stop
信息: Stopping ProtocolHandler ["ajp-apr-8009"]
八月 22, 2018 9:58:44 上午 org.apache.coyote.AbstractProtocol destroy
信息: Destroying ProtocolHandler ["http-apr-9100"]
八月 22, 2018 9:58:44 上午 org.apache.coyote.AbstractProtocol destroy
信息: Destroying ProtocolHandler ["ajp-apr-8009"]
八月 22, 2018 9:58:46 上午 org.apache.catalina.core.AprLifecycleListener init
信息: Loaded APR based Apache Tomcat Native library 1.1.29 using APR version 1.4.8.
八月 22, 2018 9:58:46 上午 org.apache.catalina.core.AprLifecycleListener init
信息: APR capabilities: IPv6 [true], sendfile [true], accept filters [false], random [true].
八月 22, 2018 9:58:47 上午 org.apache.catalina.core.AprLifecycleListener initializeSSL
信息: OpenSSL successfully initialized (OpenSSL 1.0.1e 11 Feb 2013)
八月 22, 2018 9:58:48 上午 org.apache.coyote.AbstractProtocol init
信息: Initializing ProtocolHandler ["http-apr-9100"]
八月 22, 2018 9:58:48 上午 org.apache.coyote.AbstractProtocol init
信息: Initializing ProtocolHandler ["ajp-apr-8009"]
八月 22, 2018 9:58:48 上午 org.apache.catalina.startup.Catalina load
信息: Initialization processed in 1680 ms
八月 22, 2018 9:58:48 上午 org.apache.catalina.core.StandardService startInternal
信息: Starting service Catalina
八月 22, 2018 9:58:48 上午 org.apache.catalina.core.StandardEngine startInternal
信息: Starting Servlet Engine: Apache Tomcat/7.0.52
八月 22, 2018 9:58:48 上午 org.apache.catalina.startup.HostConfig deployWAR
信息: Deploying web application archive F:\giovani-applicaion\apache-tomcat-7.0.52-cas\webapps\cas.war
八月 22, 2018 9:58:55 上午 org.apache.catalina.startup.HostConfig deployDirectory
信息: Deploying web application directory F:\giovani-applicaion\apache-tomcat-7.0.52-cas\webapps\docs
八月 22, 2018 9:58:55 上午 org.apache.catalina.startup.HostConfig deployDirectory
信息: Deploying web application directory F:\giovani-applicaion\apache-tomcat-7.0.52-cas\webapps\examples
八月 22, 2018 9:58:55 上午 org.apache.catalina.startup.HostConfig deployDirectory
信息: Deploying web application directory F:\giovani-applicaion\apache-tomcat-7.0.52-cas\webapps\host-manager
八月 22, 2018 9:58:55 上午 org.apache.catalina.startup.HostConfig deployDirectory
信息: Deploying web application directory F:\giovani-applicaion\apache-tomcat-7.0.52-cas\webapps\manager
八月 22, 2018 9:58:55 上午 org.apache.catalina.startup.HostConfig deployDirectory
信息: Deploying web application directory F:\giovani-applicaion\apache-tomcat-7.0.52-cas\webapps\ROOT
八月 22, 2018 9:58:55 上午 org.apache.coyote.AbstractProtocol start
信息: Starting ProtocolHandler ["http-apr-9100"]
八月 22, 2018 9:58:55 上午 org.apache.coyote.AbstractProtocol start
信息: Starting ProtocolHandler ["ajp-apr-8009"]
八月 22, 2018 9:58:55 上午 org.apache.catalina.startup.Catalina start
信息: Server startup in 7740 ms
八月 22, 2018 9:59:05 上午 org.apache.jasper.compiler.TldLocationsCache tldScanJar
信息: At least one JAR was scanned for TLDs yet contained no TLDs. Enable debug logging for this logger for a complete list of JARs that were scanned but no TLDs were found in them. Skipping unneeded JARs during scanning can improve startup time and JSP compilation time.
八月 22, 2018 10:01:08 上午 org.apache.catalina.core.StandardServer await
信息: A valid shutdown command was received via the shutdown port. Stopping the Server instance.
八月 22, 2018 10:01:08 上午 org.apache.coyote.AbstractProtocol pause
信息: Pausing ProtocolHandler ["http-apr-9100"]
八月 22, 2018 10:01:08 上午 org.apache.coyote.AbstractProtocol pause
信息: Pausing ProtocolHandler ["ajp-apr-8009"]
八月 22, 2018 10:01:08 上午 org.apache.catalina.core.StandardService stopInternal
信息: Stopping service Catalina
八月 22, 2018 10:01:08 上午 org.apache.catalina.loader.WebappClassLoader clearReferencesJdbc
严重: The web application [/cas] registered the JDBC driver [com.mysql.jdbc.Driver] but failed to unregister it when the web application was stopped. To prevent a memory leak, the JDBC Driver has been forcibly unregistered.
八月 22, 2018 10:01:08 上午 org.apache.catalina.loader.WebappClassLoader clearReferencesThreads
严重: The web application [/cas] appears to have started a thread named [perf4j-async-stats-appender-sink-CoalescingStatistics] but has failed to stop it. This is very likely to create a memory leak.
八月 22, 2018 10:01:08 上午 org.apache.catalina.loader.WebappClassLoader clearReferencesThreads
严重: The web application [/cas] appears to have started a thread named [FileWatchdog] but has failed to stop it. This is very likely to create a memory leak.
八月 22, 2018 10:01:08 上午 org.apache.catalina.loader.WebappClassLoader clearReferencesThreads
严重: The web application [/cas] appears to have started a thread named [scheduler_Worker-1] but has failed to stop it. This is very likely to create a memory leak.
八月 22, 2018 10:01:08 上午 org.apache.catalina.loader.WebappClassLoader clearReferencesThreads
严重: The web application [/cas] appears to have started a thread named [scheduler_Worker-2] but has failed to stop it. This is very likely to create a memory leak.
八月 22, 2018 10:01:08 上午 org.apache.catalina.loader.WebappClassLoader clearReferencesThreads
严重: The web application [/cas] appears to have started a thread named [scheduler_Worker-3] but has failed to stop it. This is very likely to create a memory leak.
八月 22, 2018 10:01:08 上午 org.apache.catalina.loader.WebappClassLoader clearReferencesThreads
严重: The web application [/cas] appears to have started a thread named [scheduler_Worker-4] but has failed to stop it. This is very likely to create a memory leak.
八月 22, 2018 10:01:08 上午 org.apache.catalina.loader.WebappClassLoader clearReferencesThreads
严重: The web application [/cas] appears to have started a thread named [scheduler_Worker-5] but has failed to stop it. This is very likely to create a memory leak.
八月 22, 2018 10:01:08 上午 org.apache.catalina.loader.WebappClassLoader clearReferencesThreads
严重: The web application [/cas] appears to have started a thread named [scheduler_Worker-6] but has failed to stop it. This is very likely to create a memory leak.
八月 22, 2018 10:01:08 上午 org.apache.catalina.loader.WebappClassLoader clearReferencesThreads
严重: The web application [/cas] appears to have started a thread named [scheduler_Worker-7] but has failed to stop it. This is very likely to create a memory leak.
八月 22, 2018 10:01:08 上午 org.apache.catalina.loader.WebappClassLoader clearReferencesThreads
严重: The web application [/cas] appears to have started a thread named [scheduler_Worker-8] but has failed to stop it. This is very likely to create a memory leak.
八月 22, 2018 10:01:08 上午 org.apache.catalina.loader.WebappClassLoader clearReferencesThreads
严重: The web application [/cas] appears to have started a thread named [scheduler_Worker-9] but has failed to stop it. This is very likely to create a memory leak.
八月 22, 2018 10:01:08 上午 org.apache.catalina.loader.WebappClassLoader clearReferencesThreads
严重: The web application [/cas] appears to have started a thread named [scheduler_Worker-10] but has failed to stop it. This is very likely to create a memory leak.
八月 22, 2018 10:01:08 上午 org.apache.catalina.loader.WebappClassLoader clearReferencesThreads
严重: The web application [/cas] appears to have started a thread named [Timer-0] but has failed to stop it. This is very likely to create a memory leak.
八月 22, 2018 10:01:08 上午 org.apache.catalina.loader.WebappClassLoader clearReferencesThreads
严重: The web application [/cas] appears to have started a thread named [com.mchange.v2.async.ThreadPoolAsynchronousRunner$PoolThread-#0] but has failed to stop it. This is very likely to create a memory leak.
八月 22, 2018 10:01:08 上午 org.apache.catalina.loader.WebappClassLoader clearReferencesThreads
严重: The web application [/cas] appears to have started a thread named [com.mchange.v2.async.ThreadPoolAsynchronousRunner$PoolThread-#1] but has failed to stop it. This is very likely to create a memory leak.
八月 22, 2018 10:01:08 上午 org.apache.catalina.loader.WebappClassLoader clearReferencesThreads
严重: The web application [/cas] appears to have started a thread named [com.mchange.v2.async.ThreadPoolAsynchronousRunner$PoolThread-#2] but has failed to stop it. This is very likely to create a memory leak.
八月 22, 2018 10:01:08 上午 org.apache.catalina.loader.WebappClassLoader clearReferencesThreads
严重: The web application [/cas] appears to have started a thread named [Abandoned connection cleanup thread] but has failed to stop it. This is very likely to create a memory leak.
八月 22, 2018 10:01:08 上午 org.apache.catalina.loader.WebappClassLoader checkThreadLocalMapForLeaks
严重: The web application [/cas] created a ThreadLocal with key of type [java.lang.ThreadLocal] (value [java.lang.ThreadLocal@57c101bc]) and a value of type [org.springframework.security.core.context.SecurityContextImpl] (value [org.springframework.security.core.context.SecurityContextImpl@ffffffff: Null authentication]) but failed to remove it when the web application was stopped. Threads are going to be renewed over time to try and avoid a probable memory leak.
八月 22, 2018 10:01:08 上午 org.apache.catalina.loader.WebappClassLoader checkThreadLocalMapForLeaks
严重: The web application [/cas] created a ThreadLocal with key of type [java.lang.ThreadLocal] (value [java.lang.ThreadLocal@57c101bc]) and a value of type [org.springframework.security.core.context.SecurityContextImpl] (value [org.springframework.security.core.context.SecurityContextImpl@ffffffff: Null authentication]) but failed to remove it when the web application was stopped. Threads are going to be renewed over time to try and avoid a probable memory leak.
八月 22, 2018 10:01:08 上午 org.apache.coyote.AbstractProtocol stop
信息: Stopping ProtocolHandler ["http-apr-9100"]
八月 22, 2018 10:01:08 上午 org.apache.coyote.AbstractProtocol stop
信息: Stopping ProtocolHandler ["ajp-apr-8009"]
八月 22, 2018 10:01:08 上午 org.apache.coyote.AbstractProtocol destroy
信息: Destroying ProtocolHandler ["http-apr-9100"]
八月 22, 2018 10:01:08 上午 org.apache.coyote.AbstractProtocol destroy
信息: Destroying ProtocolHandler ["ajp-apr-8009"]
八月 22, 2018 10:01:12 上午 org.apache.catalina.core.AprLifecycleListener init
信息: Loaded APR based Apache Tomcat Native library 1.1.29 using APR version 1.4.8.
八月 22, 2018 10:01:12 上午 org.apache.catalina.core.AprLifecycleListener init
信息: APR capabilities: IPv6 [true], sendfile [true], accept filters [false], random [true].
八月 22, 2018 10:01:14 上午 org.apache.catalina.core.AprLifecycleListener initializeSSL
信息: OpenSSL successfully initialized (OpenSSL 1.0.1e 11 Feb 2013)
八月 22, 2018 10:01:14 上午 org.apache.coyote.AbstractProtocol init
信息: Initializing ProtocolHandler ["http-apr-9100"]
八月 22, 2018 10:01:14 上午 org.apache.coyote.AbstractProtocol init
信息: Initializing ProtocolHandler ["ajp-apr-8009"]
八月 22, 2018 10:01:14 上午 org.apache.catalina.startup.Catalina load
信息: Initialization processed in 1691 ms
八月 22, 2018 10:01:14 上午 org.apache.catalina.core.StandardService startInternal
信息: Starting service Catalina
八月 22, 2018 10:01:14 上午 org.apache.catalina.core.StandardEngine startInternal
信息: Starting Servlet Engine: Apache Tomcat/7.0.52
八月 22, 2018 10:01:14 上午 org.apache.catalina.startup.HostConfig deployWAR
信息: Deploying web application archive F:\giovani-applicaion\apache-tomcat-7.0.52-cas\webapps\cas.war
八月 22, 2018 10:01:22 上午 org.apache.catalina.startup.HostConfig deployDirectory
信息: Deploying web application directory F:\giovani-applicaion\apache-tomcat-7.0.52-cas\webapps\docs
八月 22, 2018 10:01:22 上午 org.apache.catalina.startup.HostConfig deployDirectory
信息: Deploying web application directory F:\giovani-applicaion\apache-tomcat-7.0.52-cas\webapps\examples
八月 22, 2018 10:01:22 上午 org.apache.catalina.startup.HostConfig deployDirectory
信息: Deploying web application directory F:\giovani-applicaion\apache-tomcat-7.0.52-cas\webapps\host-manager
八月 22, 2018 10:01:22 上午 org.apache.catalina.startup.HostConfig deployDirectory
信息: Deploying web application directory F:\giovani-applicaion\apache-tomcat-7.0.52-cas\webapps\manager
八月 22, 2018 10:01:22 上午 org.apache.catalina.startup.HostConfig deployDirectory
信息: Deploying web application directory F:\giovani-applicaion\apache-tomcat-7.0.52-cas\webapps\ROOT
八月 22, 2018 10:01:22 上午 org.apache.coyote.AbstractProtocol start
信息: Starting ProtocolHandler ["http-apr-9100"]
八月 22, 2018 10:01:22 上午 org.apache.coyote.AbstractProtocol start
信息: Starting ProtocolHandler ["ajp-apr-8009"]
八月 22, 2018 10:01:22 上午 org.apache.catalina.startup.Catalina start
信息: Server startup in 8400 ms
八月 22, 2018 10:01:52 上午 org.apache.catalina.core.AprLifecycleListener init
信息: Loaded APR based Apache Tomcat Native library 1.1.29 using APR version 1.4.8.
八月 22, 2018 10:01:52 上午 org.apache.catalina.core.AprLifecycleListener init
信息: APR capabilities: IPv6 [true], sendfile [true], accept filters [false], random [true].
八月 22, 2018 10:01:53 上午 org.apache.catalina.core.AprLifecycleListener initializeSSL
信息: OpenSSL successfully initialized (OpenSSL 1.0.1e 11 Feb 2013)
八月 22, 2018 10:01:54 上午 org.apache.coyote.AbstractProtocol init
信息: Initializing ProtocolHandler ["http-apr-9100"]
八月 22, 2018 10:01:54 上午 org.apache.coyote.AbstractProtocol init
信息: Initializing ProtocolHandler ["ajp-apr-8009"]
八月 22, 2018 10:01:54 上午 org.apache.catalina.startup.Catalina load
信息: Initialization processed in 1601 ms
八月 22, 2018 10:01:54 上午 org.apache.catalina.core.StandardService startInternal
信息: Starting service Catalina
八月 22, 2018 10:01:54 上午 org.apache.catalina.core.StandardEngine startInternal
信息: Starting Servlet Engine: Apache Tomcat/7.0.52
八月 22, 2018 10:01:54 上午 org.apache.catalina.startup.HostConfig deployWAR
信息: Deploying web application archive F:\giovani-applicaion\apache-tomcat-7.0.52-cas\webapps\cas.war
八月 22, 2018 10:02:01 上午 org.apache.catalina.startup.HostConfig deployDirectory
信息: Deploying web application directory F:\giovani-applicaion\apache-tomcat-7.0.52-cas\webapps\docs
八月 22, 2018 10:02:01 上午 org.apache.catalina.startup.HostConfig deployDirectory
信息: Deploying web application directory F:\giovani-applicaion\apache-tomcat-7.0.52-cas\webapps\examples
八月 22, 2018 10:02:01 上午 org.apache.catalina.startup.HostConfig deployDirectory
信息: Deploying web application directory F:\giovani-applicaion\apache-tomcat-7.0.52-cas\webapps\host-manager
八月 22, 2018 10:02:01 上午 org.apache.catalina.startup.HostConfig deployDirectory
信息: Deploying web application directory F:\giovani-applicaion\apache-tomcat-7.0.52-cas\webapps\manager
八月 22, 2018 10:02:01 上午 org.apache.catalina.startup.HostConfig deployDirectory
信息: Deploying web application directory F:\giovani-applicaion\apache-tomcat-7.0.52-cas\webapps\ROOT
八月 22, 2018 10:02:02 上午 org.apache.coyote.AbstractProtocol start
信息: Starting ProtocolHandler ["http-apr-9100"]
八月 22, 2018 10:02:02 上午 org.apache.coyote.AbstractProtocol start
信息: Starting ProtocolHandler ["ajp-apr-8009"]
八月 22, 2018 10:02:02 上午 org.apache.catalina.startup.Catalina start
信息: Server startup in 7978 ms
八月 22, 2018 10:20:41 上午 org.apache.jasper.compiler.TldLocationsCache tldScanJar
信息: At least one JAR was scanned for TLDs yet contained no TLDs. Enable debug logging for this logger for a complete list of JARs that were scanned but no TLDs were found in them. Skipping unneeded JARs during scanning can improve startup time and JSP compilation time.
八月 22, 2018 10:23:11 上午 org.apache.catalina.core.StandardServer await
信息: A valid shutdown command was received via the shutdown port. Stopping the Server instance.
八月 22, 2018 10:23:11 上午 org.apache.coyote.AbstractProtocol pause
信息: Pausing ProtocolHandler ["http-apr-9100"]
八月 22, 2018 10:23:11 上午 org.apache.coyote.AbstractProtocol pause
信息: Pausing ProtocolHandler ["ajp-apr-8009"]
八月 22, 2018 10:23:11 上午 org.apache.catalina.core.StandardService stopInternal
信息: Stopping service Catalina
八月 22, 2018 10:23:11 上午 org.apache.catalina.loader.WebappClassLoader clearReferencesJdbc
严重: The web application [/cas] registered the JDBC driver [com.mysql.jdbc.Driver] but failed to unregister it when the web application was stopped. To prevent a memory leak, the JDBC Driver has been forcibly unregistered.
八月 22, 2018 10:23:11 上午 org.apache.catalina.loader.WebappClassLoader clearReferencesThreads
严重: The web application [/cas] appears to have started a thread named [perf4j-async-stats-appender-sink-CoalescingStatistics] but has failed to stop it. This is very likely to create a memory leak.
八月 22, 2018 10:23:11 上午 org.apache.catalina.loader.WebappClassLoader clearReferencesThreads
严重: The web application [/cas] appears to have started a thread named [FileWatchdog] but has failed to stop it. This is very likely to create a memory leak.
八月 22, 2018 10:23:11 上午 org.apache.catalina.loader.WebappClassLoader clearReferencesThreads
严重: The web application [/cas] appears to have started a thread named [scheduler_Worker-1] but has failed to stop it. This is very likely to create a memory leak.
八月 22, 2018 10:23:11 上午 org.apache.catalina.loader.WebappClassLoader clearReferencesThreads
严重: The web application [/cas] appears to have started a thread named [scheduler_Worker-2] but has failed to stop it. This is very likely to create a memory leak.
八月 22, 2018 10:23:11 上午 org.apache.catalina.loader.WebappClassLoader clearReferencesThreads
严重: The web application [/cas] appears to have started a thread named [scheduler_Worker-3] but has failed to stop it. This is very likely to create a memory leak.
八月 22, 2018 10:23:11 上午 org.apache.catalina.loader.WebappClassLoader clearReferencesThreads
严重: The web application [/cas] appears to have started a thread named [scheduler_Worker-4] but has failed to stop it. This is very likely to create a memory leak.
八月 22, 2018 10:23:11 上午 org.apache.catalina.loader.WebappClassLoader clearReferencesThreads
严重: The web application [/cas] appears to have started a thread named [scheduler_Worker-5] but has failed to stop it. This is very likely to create a memory leak.
八月 22, 2018 10:23:11 上午 org.apache.catalina.loader.WebappClassLoader clearReferencesThreads
严重: The web application [/cas] appears to have started a thread named [scheduler_Worker-6] but has failed to stop it. This is very likely to create a memory leak.
八月 22, 2018 10:23:11 上午 org.apache.catalina.loader.WebappClassLoader clearReferencesThreads
严重: The web application [/cas] appears to have started a thread named [scheduler_Worker-7] but has failed to stop it. This is very likely to create a memory leak.
八月 22, 2018 10:23:11 上午 org.apache.catalina.loader.WebappClassLoader clearReferencesThreads
严重: The web application [/cas] appears to have started a thread named [scheduler_Worker-8] but has failed to stop it. This is very likely to create a memory leak.
八月 22, 2018 10:23:11 上午 org.apache.catalina.loader.WebappClassLoader clearReferencesThreads
严重: The web application [/cas] appears to have started a thread named [scheduler_Worker-9] but has failed to stop it. This is very likely to create a memory leak.
八月 22, 2018 10:23:11 上午 org.apache.catalina.loader.WebappClassLoader clearReferencesThreads
严重: The web application [/cas] appears to have started a thread named [scheduler_Worker-10] but has failed to stop it. This is very likely to create a memory leak.
八月 22, 2018 10:23:11 上午 org.apache.catalina.loader.WebappClassLoader clearReferencesThreads
严重: The web application [/cas] appears to have started a thread named [Timer-0] but has failed to stop it. This is very likely to create a memory leak.
八月 22, 2018 10:23:11 上午 org.apache.catalina.loader.WebappClassLoader clearReferencesThreads
严重: The web application [/cas] appears to have started a thread named [com.mchange.v2.async.ThreadPoolAsynchronousRunner$PoolThread-#0] but has failed to stop it. This is very likely to create a memory leak.
八月 22, 2018 10:23:11 上午 org.apache.catalina.loader.WebappClassLoader clearReferencesThreads
严重: The web application [/cas] appears to have started a thread named [com.mchange.v2.async.ThreadPoolAsynchronousRunner$PoolThread-#1] but has failed to stop it. This is very likely to create a memory leak.
八月 22, 2018 10:23:11 上午 org.apache.catalina.loader.WebappClassLoader clearReferencesThreads
严重: The web application [/cas] appears to have started a thread named [com.mchange.v2.async.ThreadPoolAsynchronousRunner$PoolThread-#2] but has failed to stop it. This is very likely to create a memory leak.
八月 22, 2018 10:23:11 上午 org.apache.catalina.loader.WebappClassLoader clearReferencesThreads
严重: The web application [/cas] appears to have started a thread named [Abandoned connection cleanup thread] but has failed to stop it. This is very likely to create a memory leak.
八月 22, 2018 10:23:11 上午 org.apache.catalina.loader.WebappClassLoader checkThreadLocalMapForLeaks
严重: The web application [/cas] created a ThreadLocal with key of type [java.lang.ThreadLocal] (value [java.lang.ThreadLocal@5c32b97d]) and a value of type [org.springframework.security.core.context.SecurityContextImpl] (value [org.springframework.security.core.context.SecurityContextImpl@ffffffff: Null authentication]) but failed to remove it when the web application was stopped. Threads are going to be renewed over time to try and avoid a probable memory leak.
八月 22, 2018 10:23:11 上午 org.apache.catalina.loader.WebappClassLoader checkThreadLocalMapForLeaks
严重: The web application [/cas] created a ThreadLocal with key of type [java.lang.ThreadLocal] (value [java.lang.ThreadLocal@5c32b97d]) and a value of type [org.springframework.security.core.context.SecurityContextImpl] (value [org.springframework.security.core.context.SecurityContextImpl@ffffffff: Null authentication]) but failed to remove it when the web application was stopped. Threads are going to be renewed over time to try and avoid a probable memory leak.
八月 22, 2018 10:23:11 上午 org.apache.coyote.AbstractProtocol stop
信息: Stopping ProtocolHandler ["http-apr-9100"]
八月 22, 2018 10:23:11 上午 org.apache.coyote.AbstractProtocol stop
信息: Stopping ProtocolHandler ["ajp-apr-8009"]
八月 22, 2018 10:23:11 上午 org.apache.coyote.AbstractProtocol destroy
信息: Destroying ProtocolHandler ["http-apr-9100"]
八月 22, 2018 10:23:11 上午 org.apache.coyote.AbstractProtocol destroy
信息: Destroying ProtocolHandler ["ajp-apr-8009"]
八月 22, 2018 10:23:13 上午 org.apache.catalina.core.AprLifecycleListener init
信息: Loaded APR based Apache Tomcat Native library 1.1.29 using APR version 1.4.8.
八月 22, 2018 10:23:14 上午 org.apache.catalina.core.AprLifecycleListener init
信息: APR capabilities: IPv6 [true], sendfile [true], accept filters [false], random [true].
八月 22, 2018 10:23:15 上午 org.apache.catalina.core.AprLifecycleListener initializeSSL
信息: OpenSSL successfully initialized (OpenSSL 1.0.1e 11 Feb 2013)
八月 22, 2018 10:23:15 上午 org.apache.coyote.AbstractProtocol init
信息: Initializing ProtocolHandler ["http-apr-9100"]
八月 22, 2018 10:23:15 上午 org.apache.coyote.AbstractProtocol init
信息: Initializing ProtocolHandler ["ajp-apr-8009"]
八月 22, 2018 10:23:15 上午 org.apache.catalina.startup.Catalina load
信息: Initialization processed in 1783 ms
八月 22, 2018 10:23:15 上午 org.apache.catalina.core.StandardService startInternal
信息: Starting service Catalina
八月 22, 2018 10:23:15 上午 org.apache.catalina.core.StandardEngine startInternal
信息: Starting Servlet Engine: Apache Tomcat/7.0.52
八月 22, 2018 10:23:15 上午 org.apache.catalina.startup.HostConfig deployWAR
信息: Deploying web application archive F:\giovani-applicaion\apache-tomcat-7.0.52-cas\webapps\cas.war
八月 22, 2018 10:23:22 上午 org.apache.catalina.startup.HostConfig deployDirectory
信息: Deploying web application directory F:\giovani-applicaion\apache-tomcat-7.0.52-cas\webapps\docs
八月 22, 2018 10:23:22 上午 org.apache.catalina.startup.HostConfig deployDirectory
信息: Deploying web application directory F:\giovani-applicaion\apache-tomcat-7.0.52-cas\webapps\examples
八月 22, 2018 10:23:23 上午 org.apache.catalina.startup.HostConfig deployDirectory
信息: Deploying web application directory F:\giovani-applicaion\apache-tomcat-7.0.52-cas\webapps\host-manager
八月 22, 2018 10:23:23 上午 org.apache.catalina.startup.HostConfig deployDirectory
信息: Deploying web application directory F:\giovani-applicaion\apache-tomcat-7.0.52-cas\webapps\manager
八月 22, 2018 10:23:23 上午 org.apache.catalina.startup.HostConfig deployDirectory
信息: Deploying web application directory F:\giovani-applicaion\apache-tomcat-7.0.52-cas\webapps\ROOT
八月 22, 2018 10:23:23 上午 org.apache.coyote.AbstractProtocol start
信息: Starting ProtocolHandler ["http-apr-9100"]
八月 22, 2018 10:23:23 上午 org.apache.coyote.AbstractProtocol start
信息: Starting ProtocolHandler ["ajp-apr-8009"]
八月 22, 2018 10:23:23 上午 org.apache.catalina.startup.Catalina start
信息: Server startup in 8203 ms
八月 22, 2018 10:43:56 上午 org.apache.jasper.compiler.TldLocationsCache tldScanJar
信息: At least one JAR was scanned for TLDs yet contained no TLDs. Enable debug logging for this logger for a complete list of JARs that were scanned but no TLDs were found in them. Skipping unneeded JARs during scanning can improve startup time and JSP compilation time.
八月 22, 2018 10:46:05 上午 org.apache.catalina.core.StandardServer await
信息: A valid shutdown command was received via the shutdown port. Stopping the Server instance.
八月 22, 2018 10:46:05 上午 org.apache.coyote.AbstractProtocol pause
信息: Pausing ProtocolHandler ["http-apr-9100"]
八月 22, 2018 10:46:05 上午 org.apache.coyote.AbstractProtocol pause
信息: Pausing ProtocolHandler ["ajp-apr-8009"]
八月 22, 2018 10:46:06 上午 org.apache.catalina.core.StandardService stopInternal
信息: Stopping service Catalina
八月 22, 2018 10:46:06 上午 org.apache.catalina.loader.WebappClassLoader clearReferencesJdbc
严重: The web application [/cas] registered the JDBC driver [com.mysql.jdbc.Driver] but failed to unregister it when the web application was stopped. To prevent a memory leak, the JDBC Driver has been forcibly unregistered.
八月 22, 2018 10:46:06 上午 org.apache.catalina.loader.WebappClassLoader clearReferencesThreads
严重: The web application [/cas] appears to have started a thread named [perf4j-async-stats-appender-sink-CoalescingStatistics] but has failed to stop it. This is very likely to create a memory leak.
八月 22, 2018 10:46:06 上午 org.apache.catalina.loader.WebappClassLoader clearReferencesThreads
严重: The web application [/cas] appears to have started a thread named [FileWatchdog] but has failed to stop it. This is very likely to create a memory leak.
八月 22, 2018 10:46:06 上午 org.apache.catalina.loader.WebappClassLoader clearReferencesThreads
严重: The web application [/cas] appears to have started a thread named [scheduler_Worker-1] but has failed to stop it. This is very likely to create a memory leak.
八月 22, 2018 10:46:06 上午 org.apache.catalina.loader.WebappClassLoader clearReferencesThreads
严重: The web application [/cas] appears to have started a thread named [scheduler_Worker-2] but has failed to stop it. This is very likely to create a memory leak.
八月 22, 2018 10:46:06 上午 org.apache.catalina.loader.WebappClassLoader clearReferencesThreads
严重: The web application [/cas] appears to have started a thread named [scheduler_Worker-3] but has failed to stop it. This is very likely to create a memory leak.
八月 22, 2018 10:46:06 上午 org.apache.catalina.loader.WebappClassLoader clearReferencesThreads
严重: The web application [/cas] appears to have started a thread named [scheduler_Worker-4] but has failed to stop it. This is very likely to create a memory leak.
八月 22, 2018 10:46:06 上午 org.apache.catalina.loader.WebappClassLoader clearReferencesThreads
严重: The web application [/cas] appears to have started a thread named [scheduler_Worker-5] but has failed to stop it. This is very likely to create a memory leak.
八月 22, 2018 10:46:06 上午 org.apache.catalina.loader.WebappClassLoader clearReferencesThreads
严重: The web application [/cas] appears to have started a thread named [scheduler_Worker-6] but has failed to stop it. This is very likely to create a memory leak.
八月 22, 2018 10:46:06 上午 org.apache.catalina.loader.WebappClassLoader clearReferencesThreads
严重: The web application [/cas] appears to have started a thread named [scheduler_Worker-7] but has failed to stop it. This is very likely to create a memory leak.
八月 22, 2018 10:46:06 上午 org.apache.catalina.loader.WebappClassLoader clearReferencesThreads
严重: The web application [/cas] appears to have started a thread named [scheduler_Worker-8] but has failed to stop it. This is very likely to create a memory leak.
八月 22, 2018 10:46:06 上午 org.apache.catalina.loader.WebappClassLoader clearReferencesThreads
严重: The web application [/cas] appears to have started a thread named [scheduler_Worker-9] but has failed to stop it. This is very likely to create a memory leak.
八月 22, 2018 10:46:06 上午 org.apache.catalina.loader.WebappClassLoader clearReferencesThreads
严重: The web application [/cas] appears to have started a thread named [scheduler_Worker-10] but has failed to stop it. This is very likely to create a memory leak.
八月 22, 2018 10:46:06 上午 org.apache.catalina.loader.WebappClassLoader clearReferencesThreads
严重: The web application [/cas] appears to have started a thread named [Timer-0] but has failed to stop it. This is very likely to create a memory leak.
八月 22, 2018 10:46:06 上午 org.apache.catalina.loader.WebappClassLoader clearReferencesThreads
严重: The web application [/cas] appears to have started a thread named [com.mchange.v2.async.ThreadPoolAsynchronousRunner$PoolThread-#0] but has failed to stop it. This is very likely to create a memory leak.
八月 22, 2018 10:46:06 上午 org.apache.catalina.loader.WebappClassLoader clearReferencesThreads
严重: The web application [/cas] appears to have started a thread named [com.mchange.v2.async.ThreadPoolAsynchronousRunner$PoolThread-#1] but has failed to stop it. This is very likely to create a memory leak.
八月 22, 2018 10:46:06 上午 org.apache.catalina.loader.WebappClassLoader clearReferencesThreads
严重: The web application [/cas] appears to have started a thread named [com.mchange.v2.async.ThreadPoolAsynchronousRunner$PoolThread-#2] but has failed to stop it. This is very likely to create a memory leak.
八月 22, 2018 10:46:06 上午 org.apache.catalina.loader.WebappClassLoader clearReferencesThreads
严重: The web application [/cas] appears to have started a thread named [Abandoned connection cleanup thread] but has failed to stop it. This is very likely to create a memory leak.
八月 22, 2018 10:46:06 上午 org.apache.catalina.loader.WebappClassLoader checkThreadLocalMapForLeaks
严重: The web application [/cas] created a ThreadLocal with key of type [java.lang.ThreadLocal] (value [java.lang.ThreadLocal@4b00089f]) and a value of type [org.springframework.security.core.context.SecurityContextImpl] (value [org.springframework.security.core.context.SecurityContextImpl@ffffffff: Null authentication]) but failed to remove it when the web application was stopped. Threads are going to be renewed over time to try and avoid a probable memory leak.
八月 22, 2018 10:46:06 上午 org.apache.coyote.AbstractProtocol stop
信息: Stopping ProtocolHandler ["http-apr-9100"]
八月 22, 2018 10:46:06 上午 org.apache.coyote.AbstractProtocol stop
信息: Stopping ProtocolHandler ["ajp-apr-8009"]
八月 22, 2018 10:46:06 上午 org.apache.coyote.AbstractProtocol destroy
信息: Destroying ProtocolHandler ["http-apr-9100"]
八月 22, 2018 10:46:06 上午 org.apache.coyote.AbstractProtocol destroy
信息: Destroying ProtocolHandler ["ajp-apr-8009"]
八月 22, 2018 10:46:09 上午 org.apache.catalina.core.AprLifecycleListener init
信息: Loaded APR based Apache Tomcat Native library 1.1.29 using APR version 1.4.8.
八月 22, 2018 10:46:09 上午 org.apache.catalina.core.AprLifecycleListener init
信息: APR capabilities: IPv6 [true], sendfile [true], accept filters [false], random [true].
八月 22, 2018 10:46:10 上午 org.apache.catalina.core.AprLifecycleListener initializeSSL
信息: OpenSSL successfully initialized (OpenSSL 1.0.1e 11 Feb 2013)
八月 22, 2018 10:46:10 上午 org.apache.coyote.AbstractProtocol init
信息: Initializing ProtocolHandler ["http-apr-9100"]
八月 22, 2018 10:46:10 上午 org.apache.coyote.AbstractProtocol init
信息: Initializing ProtocolHandler ["ajp-apr-8009"]
八月 22, 2018 10:46:10 上午 org.apache.catalina.startup.Catalina load
信息: Initialization processed in 1988 ms
八月 22, 2018 10:46:10 上午 org.apache.catalina.core.StandardService startInternal
信息: Starting service Catalina
八月 22, 2018 10:46:10 上午 org.apache.catalina.core.StandardEngine startInternal
信息: Starting Servlet Engine: Apache Tomcat/7.0.52
八月 22, 2018 10:46:10 上午 org.apache.catalina.startup.HostConfig deployWAR
信息: Deploying web application archive F:\giovani-applicaion\apache-tomcat-7.0.52-cas\webapps\cas.war
八月 22, 2018 10:46:19 上午 org.apache.catalina.startup.HostConfig deployDirectory
信息: Deploying web application directory F:\giovani-applicaion\apache-tomcat-7.0.52-cas\webapps\docs
八月 22, 2018 10:46:19 上午 org.apache.catalina.startup.HostConfig deployDirectory
信息: Deploying web application directory F:\giovani-applicaion\apache-tomcat-7.0.52-cas\webapps\examples
八月 22, 2018 10:46:20 上午 org.apache.catalina.startup.HostConfig deployDirectory
信息: Deploying web application directory F:\giovani-applicaion\apache-tomcat-7.0.52-cas\webapps\host-manager
八月 22, 2018 10:46:20 上午 org.apache.catalina.startup.HostConfig deployDirectory
信息: Deploying web application directory F:\giovani-applicaion\apache-tomcat-7.0.52-cas\webapps\manager
八月 22, 2018 10:46:20 上午 org.apache.catalina.startup.HostConfig deployDirectory
信息: Deploying web application directory F:\giovani-applicaion\apache-tomcat-7.0.52-cas\webapps\ROOT
八月 22, 2018 10:46:20 上午 org.apache.coyote.AbstractProtocol start
信息: Starting ProtocolHandler ["http-apr-9100"]
八月 22, 2018 10:46:20 上午 org.apache.coyote.AbstractProtocol start
信息: Starting ProtocolHandler ["ajp-apr-8009"]
八月 22, 2018 10:46:20 上午 org.apache.catalina.startup.Catalina start
信息: Server startup in 9502 ms
八月 22, 2018 10:48:59 上午 org.apache.catalina.core.StandardServer await
信息: A valid shutdown command was received via the shutdown port. Stopping the Server instance.
八月 22, 2018 10:48:59 上午 org.apache.coyote.AbstractProtocol pause
信息: Pausing ProtocolHandler ["http-apr-9100"]
八月 22, 2018 10:48:59 上午 org.apache.coyote.AbstractProtocol pause
信息: Pausing ProtocolHandler ["ajp-apr-8009"]
八月 22, 2018 10:48:59 上午 org.apache.catalina.core.StandardService stopInternal
信息: Stopping service Catalina
八月 22, 2018 10:48:59 上午 org.apache.catalina.loader.WebappClassLoader clearReferencesJdbc
严重: The web application [/cas] registered the JDBC driver [com.mysql.jdbc.Driver] but failed to unregister it when the web application was stopped. To prevent a memory leak, the JDBC Driver has been forcibly unregistered.
八月 22, 2018 10:48:59 上午 org.apache.catalina.loader.WebappClassLoader clearReferencesThreads
严重: The web application [/cas] appears to have started a thread named [perf4j-async-stats-appender-sink-CoalescingStatistics] but has failed to stop it. This is very likely to create a memory leak.
八月 22, 2018 10:48:59 上午 org.apache.catalina.loader.WebappClassLoader clearReferencesThreads
严重: The web application [/cas] appears to have started a thread named [FileWatchdog] but has failed to stop it. This is very likely to create a memory leak.
八月 22, 2018 10:48:59 上午 org.apache.catalina.loader.WebappClassLoader clearReferencesThreads
严重: The web application [/cas] appears to have started a thread named [scheduler_Worker-1] but has failed to stop it. This is very likely to create a memory leak.
八月 22, 2018 10:48:59 上午 org.apache.catalina.loader.WebappClassLoader clearReferencesThreads
严重: The web application [/cas] appears to have started a thread named [scheduler_Worker-2] but has failed to stop it. This is very likely to create a memory leak.
八月 22, 2018 10:48:59 上午 org.apache.catalina.loader.WebappClassLoader clearReferencesThreads
严重: The web application [/cas] appears to have started a thread named [scheduler_Worker-3] but has failed to stop it. This is very likely to create a memory leak.
八月 22, 2018 10:48:59 上午 org.apache.catalina.loader.WebappClassLoader clearReferencesThreads
严重: The web application [/cas] appears to have started a thread named [scheduler_Worker-4] but has failed to stop it. This is very likely to create a memory leak.
八月 22, 2018 10:48:59 上午 org.apache.catalina.loader.WebappClassLoader clearReferencesThreads
严重: The web application [/cas] appears to have started a thread named [scheduler_Worker-5] but has failed to stop it. This is very likely to create a memory leak.
八月 22, 2018 10:48:59 上午 org.apache.catalina.loader.WebappClassLoader clearReferencesThreads
严重: The web application [/cas] appears to have started a thread named [scheduler_Worker-6] but has failed to stop it. This is very likely to create a memory leak.
八月 22, 2018 10:48:59 上午 org.apache.catalina.loader.WebappClassLoader clearReferencesThreads
严重: The web application [/cas] appears to have started a thread named [scheduler_Worker-7] but has failed to stop it. This is very likely to create a memory leak.
八月 22, 2018 10:48:59 上午 org.apache.catalina.loader.WebappClassLoader clearReferencesThreads
严重: The web application [/cas] appears to have started a thread named [scheduler_Worker-8] but has failed to stop it. This is very likely to create a memory leak.
八月 22, 2018 10:48:59 上午 org.apache.catalina.loader.WebappClassLoader clearReferencesThreads
严重: The web application [/cas] appears to have started a thread named [scheduler_Worker-9] but has failed to stop it. This is very likely to create a memory leak.
八月 22, 2018 10:48:59 上午 org.apache.catalina.loader.WebappClassLoader clearReferencesThreads
严重: The web application [/cas] appears to have started a thread named [scheduler_Worker-10] but has failed to stop it. This is very likely to create a memory leak.
八月 22, 2018 10:48:59 上午 org.apache.catalina.loader.WebappClassLoader clearReferencesThreads
严重: The web application [/cas] appears to have started a thread named [Timer-0] but has failed to stop it. This is very likely to create a memory leak.
八月 22, 2018 10:48:59 上午 org.apache.catalina.loader.WebappClassLoader clearReferencesThreads
严重: The web application [/cas] appears to have started a thread named [com.mchange.v2.async.ThreadPoolAsynchronousRunner$PoolThread-#0] but has failed to stop it. This is very likely to create a memory leak.
八月 22, 2018 10:48:59 上午 org.apache.catalina.loader.WebappClassLoader clearReferencesThreads
严重: The web application [/cas] appears to have started a thread named [com.mchange.v2.async.ThreadPoolAsynchronousRunner$PoolThread-#1] but has failed to stop it. This is very likely to create a memory leak.
八月 22, 2018 10:48:59 上午 org.apache.catalina.loader.WebappClassLoader clearReferencesThreads
严重: The web application [/cas] appears to have started a thread named [com.mchange.v2.async.ThreadPoolAsynchronousRunner$PoolThread-#2] but has failed to stop it. This is very likely to create a memory leak.
八月 22, 2018 10:48:59 上午 org.apache.catalina.loader.WebappClassLoader clearReferencesThreads
严重: The web application [/cas] appears to have started a thread named [Abandoned connection cleanup thread] but has failed to stop it. This is very likely to create a memory leak.
八月 22, 2018 10:48:59 上午 org.apache.catalina.loader.WebappClassLoader checkThreadLocalMapForLeaks
严重: The web application [/cas] created a ThreadLocal with key of type [java.lang.ThreadLocal] (value [java.lang.ThreadLocal@678bd2bf]) and a value of type [org.springframework.security.core.context.SecurityContextImpl] (value [org.springframework.security.core.context.SecurityContextImpl@ffffffff: Null authentication]) but failed to remove it when the web application was stopped. Threads are going to be renewed over time to try and avoid a probable memory leak.
八月 22, 2018 10:48:59 上午 org.apache.catalina.loader.WebappClassLoader checkThreadLocalMapForLeaks
严重: The web application [/cas] created a ThreadLocal with key of type [java.lang.ThreadLocal] (value [java.lang.ThreadLocal@678bd2bf]) and a value of type [org.springframework.security.core.context.SecurityContextImpl] (value [org.springframework.security.core.context.SecurityContextImpl@ffffffff: Null authentication]) but failed to remove it when the web application was stopped. Threads are going to be renewed over time to try and avoid a probable memory leak.
八月 22, 2018 10:48:59 上午 org.apache.coyote.AbstractProtocol stop
信息: Stopping ProtocolHandler ["http-apr-9100"]
八月 22, 2018 10:48:59 上午 org.apache.coyote.AbstractProtocol stop
信息: Stopping ProtocolHandler ["ajp-apr-8009"]
八月 22, 2018 10:48:59 上午 org.apache.coyote.AbstractProtocol destroy
信息: Destroying ProtocolHandler ["http-apr-9100"]
八月 22, 2018 10:48:59 上午 org.apache.coyote.AbstractProtocol destroy
信息: Destroying ProtocolHandler ["ajp-apr-8009"]
八月 22, 2018 10:49:01 上午 org.apache.catalina.core.AprLifecycleListener init
信息: Loaded APR based Apache Tomcat Native library 1.1.29 using APR version 1.4.8.
八月 22, 2018 10:49:01 上午 org.apache.catalina.core.AprLifecycleListener init
信息: APR capabilities: IPv6 [true], sendfile [true], accept filters [false], random [true].
八月 22, 2018 10:49:03 上午 org.apache.catalina.core.AprLifecycleListener initializeSSL
信息: OpenSSL successfully initialized (OpenSSL 1.0.1e 11 Feb 2013)
八月 22, 2018 10:49:03 上午 org.apache.coyote.AbstractProtocol init
信息: Initializing ProtocolHandler ["http-apr-9100"]
八月 22, 2018 10:49:03 上午 org.apache.coyote.AbstractProtocol init
信息: Initializing ProtocolHandler ["ajp-apr-8009"]
八月 22, 2018 10:49:03 上午 org.apache.catalina.startup.Catalina load
信息: Initialization processed in 1583 ms
八月 22, 2018 10:49:03 上午 org.apache.catalina.core.StandardService startInternal
信息: Starting service Catalina
八月 22, 2018 10:49:03 上午 org.apache.catalina.core.StandardEngine startInternal
信息: Starting Servlet Engine: Apache Tomcat/7.0.52
八月 22, 2018 10:49:03 上午 org.apache.catalina.startup.HostConfig deployWAR
信息: Deploying web application archive F:\giovani-applicaion\apache-tomcat-7.0.52-cas\webapps\cas.war
八月 22, 2018 10:49:12 上午 org.apache.catalina.startup.HostConfig deployDirectory
信息: Deploying web application directory F:\giovani-applicaion\apache-tomcat-7.0.52-cas\webapps\docs
八月 22, 2018 10:49:12 上午 org.apache.catalina.startup.HostConfig deployDirectory
信息: Deploying web application directory F:\giovani-applicaion\apache-tomcat-7.0.52-cas\webapps\examples
八月 22, 2018 10:49:13 上午 org.apache.catalina.startup.HostConfig deployDirectory
信息: Deploying web application directory F:\giovani-applicaion\apache-tomcat-7.0.52-cas\webapps\host-manager
八月 22, 2018 10:49:13 上午 org.apache.catalina.startup.HostConfig deployDirectory
信息: Deploying web application directory F:\giovani-applicaion\apache-tomcat-7.0.52-cas\webapps\manager
八月 22, 2018 10:49:13 上午 org.apache.catalina.startup.HostConfig deployDirectory
信息: Deploying web application directory F:\giovani-applicaion\apache-tomcat-7.0.52-cas\webapps\ROOT
八月 22, 2018 10:49:13 上午 org.apache.coyote.AbstractProtocol start
信息: Starting ProtocolHandler ["http-apr-9100"]
八月 22, 2018 10:49:13 上午 org.apache.coyote.AbstractProtocol start
信息: Starting ProtocolHandler ["ajp-apr-8009"]
八月 22, 2018 10:49:13 上午 org.apache.catalina.startup.Catalina start
信息: Server startup in 10343 ms
八月 22, 2018 11:19:53 上午 org.apache.catalina.core.StandardServer await
信息: A valid shutdown command was received via the shutdown port. Stopping the Server instance.
八月 22, 2018 11:19:53 上午 org.apache.coyote.AbstractProtocol pause
信息: Pausing ProtocolHandler ["http-apr-9100"]
八月 22, 2018 11:19:53 上午 org.apache.coyote.AbstractProtocol pause
信息: Pausing ProtocolHandler ["ajp-apr-8009"]
八月 22, 2018 11:19:53 上午 org.apache.catalina.core.StandardService stopInternal
信息: Stopping service Catalina
八月 22, 2018 11:19:53 上午 org.apache.catalina.loader.WebappClassLoader clearReferencesJdbc
严重: The web application [/cas] registered the JDBC driver [com.mysql.jdbc.Driver] but failed to unregister it when the web application was stopped. To prevent a memory leak, the JDBC Driver has been forcibly unregistered.
八月 22, 2018 11:19:53 上午 org.apache.catalina.loader.WebappClassLoader clearReferencesThreads
严重: The web application [/cas] appears to have started a thread named [perf4j-async-stats-appender-sink-CoalescingStatistics] but has failed to stop it. This is very likely to create a memory leak.
八月 22, 2018 11:19:53 上午 org.apache.catalina.loader.WebappClassLoader clearReferencesThreads
严重: The web application [/cas] appears to have started a thread named [FileWatchdog] but has failed to stop it. This is very likely to create a memory leak.
八月 22, 2018 11:19:53 上午 org.apache.catalina.loader.WebappClassLoader clearReferencesThreads
严重: The web application [/cas] appears to have started a thread named [scheduler_Worker-1] but has failed to stop it. This is very likely to create a memory leak.
八月 22, 2018 11:19:53 上午 org.apache.catalina.loader.WebappClassLoader clearReferencesThreads
严重: The web application [/cas] appears to have started a thread named [scheduler_Worker-2] but has failed to stop it. This is very likely to create a memory leak.
八月 22, 2018 11:19:53 上午 org.apache.catalina.loader.WebappClassLoader clearReferencesThreads
严重: The web application [/cas] appears to have started a thread named [scheduler_Worker-3] but has failed to stop it. This is very likely to create a memory leak.
八月 22, 2018 11:19:53 上午 org.apache.catalina.loader.WebappClassLoader clearReferencesThreads
严重: The web application [/cas] appears to have started a thread named [scheduler_Worker-4] but has failed to stop it. This is very likely to create a memory leak.
八月 22, 2018 11:19:53 上午 org.apache.catalina.loader.WebappClassLoader clearReferencesThreads
严重: The web application [/cas] appears to have started a thread named [scheduler_Worker-5] but has failed to stop it. This is very likely to create a memory leak.
八月 22, 2018 11:19:53 上午 org.apache.catalina.loader.WebappClassLoader clearReferencesThreads
严重: The web application [/cas] appears to have started a thread named [scheduler_Worker-6] but has failed to stop it. This is very likely to create a memory leak.
八月 22, 2018 11:19:53 上午 org.apache.catalina.loader.WebappClassLoader clearReferencesThreads
严重: The web application [/cas] appears to have started a thread named [scheduler_Worker-8] but has failed to stop it. This is very likely to create a memory leak.
八月 22, 2018 11:19:53 上午 org.apache.catalina.loader.WebappClassLoader clearReferencesThreads
严重: The web application [/cas] appears to have started a thread named [scheduler_Worker-10] but has failed to stop it. This is very likely to create a memory leak.
八月 22, 2018 11:19:53 上午 org.apache.catalina.loader.WebappClassLoader clearReferencesThreads
严重: The web application [/cas] appears to have started a thread named [Timer-0] but has failed to stop it. This is very likely to create a memory leak.
八月 22, 2018 11:19:53 上午 org.apache.catalina.loader.WebappClassLoader clearReferencesThreads
严重: The web application [/cas] appears to have started a thread named [com.mchange.v2.async.ThreadPoolAsynchronousRunner$PoolThread-#0] but has failed to stop it. This is very likely to create a memory leak.
八月 22, 2018 11:19:53 上午 org.apache.catalina.loader.WebappClassLoader clearReferencesThreads
严重: The web application [/cas] appears to have started a thread named [com.mchange.v2.async.ThreadPoolAsynchronousRunner$PoolThread-#1] but has failed to stop it. This is very likely to create a memory leak.
八月 22, 2018 11:19:53 上午 org.apache.catalina.loader.WebappClassLoader clearReferencesThreads
严重: The web application [/cas] appears to have started a thread named [com.mchange.v2.async.ThreadPoolAsynchronousRunner$PoolThread-#2] but has failed to stop it. This is very likely to create a memory leak.
八月 22, 2018 11:19:53 上午 org.apache.catalina.loader.WebappClassLoader clearReferencesThreads
严重: The web application [/cas] appears to have started a thread named [Abandoned connection cleanup thread] but has failed to stop it. This is very likely to create a memory leak.
八月 22, 2018 11:19:53 上午 org.apache.catalina.loader.WebappClassLoader checkThreadLocalMapForLeaks
严重: The web application [/cas] created a ThreadLocal with key of type [java.lang.ThreadLocal] (value [java.lang.ThreadLocal@67b00bff]) and a value of type [org.springframework.security.core.context.SecurityContextImpl] (value [org.springframework.security.core.context.SecurityContextImpl@ffffffff: Null authentication]) but failed to remove it when the web application was stopped. Threads are going to be renewed over time to try and avoid a probable memory leak.
八月 22, 2018 11:19:53 上午 org.apache.coyote.AbstractProtocol stop
信息: Stopping ProtocolHandler ["http-apr-9100"]
八月 22, 2018 11:19:53 上午 org.apache.coyote.AbstractProtocol stop
信息: Stopping ProtocolHandler ["ajp-apr-8009"]
八月 22, 2018 11:19:53 上午 org.apache.coyote.AbstractProtocol destroy
信息: Destroying ProtocolHandler ["http-apr-9100"]
八月 22, 2018 11:19:53 上午 org.apache.coyote.AbstractProtocol destroy
信息: Destroying ProtocolHandler ["ajp-apr-8009"]
