八月 17, 2018 1:55:56 下午 org.apache.catalina.core.AprLifecycleListener init
信息: Loaded APR based Apache Tomcat Native library 1.1.29 using APR version 1.4.8.
八月 17, 2018 1:55:56 下午 org.apache.catalina.core.AprLifecycleListener init
信息: APR capabilities: IPv6 [true], sendfile [true], accept filters [false], random [true].
八月 17, 2018 1:55:57 下午 org.apache.catalina.core.AprLifecycleListener initializeSSL
信息: OpenSSL successfully initialized (OpenSSL 1.0.1e 11 Feb 2013)
八月 17, 2018 1:55:57 下午 org.apache.coyote.AbstractProtocol init
信息: Initializing ProtocolHandler ["http-apr-8080"]
八月 17, 2018 1:55:57 下午 org.apache.coyote.AbstractProtocol init
信息: Initializing ProtocolHandler ["ajp-apr-8009"]
八月 17, 2018 1:55:57 下午 org.apache.catalina.startup.Catalina load
信息: Initialization processed in 1805 ms
八月 17, 2018 1:55:57 下午 org.apache.catalina.core.StandardService startInternal
信息: Starting service Catalina
八月 17, 2018 1:55:57 下午 org.apache.catalina.core.StandardEngine startInternal
信息: Starting Servlet Engine: Apache Tomcat/7.0.52
八月 17, 2018 1:55:57 下午 org.apache.catalina.startup.HostConfig deployWAR
信息: Deploying web application archive F:\giovani-applicaion\apache-tomcat-7.0.52-windows-x64\apache-tomcat-7.0.52\webapps\CPT.war
八月 17, 2018 1:55:59 下午 org.apache.catalina.util.SessionIdGenerator createSecureRandom
信息: Creation of SecureRandom instance for session ID generation using [SHA1PRNG] took [109] milliseconds.
八月 17, 2018 1:55:59 下午 org.apache.catalina.startup.HostConfig deployWAR
信息: Deploying web application archive F:\giovani-applicaion\apache-tomcat-7.0.52-windows-x64\apache-tomcat-7.0.52\webapps\solr.war
SLF4J: Class path contains multiple SLF4J bindings.
SLF4J: Found binding in [jar:file:/F:/giovani-applicaion/apache-tomcat-7.0.52-windows-x64/apache-tomcat-7.0.52/lib/slf4j-log4j12-1.7.6.jar!/org/slf4j/impl/StaticLoggerBinder.class]
SLF4J: Found binding in [jar:file:/F:/giovani-applicaion/apache-tomcat-7.0.52-windows-x64/apache-tomcat-7.0.52/webapps/solr/WEB-INF/lib/slf4j-log4j12-1.7.6.jar!/org/slf4j/impl/StaticLoggerBinder.class]
SLF4J: See http://www.slf4j.org/codes.html#multiple_bindings for an explanation.
SLF4J: Actual binding is of type [org.slf4j.impl.Log4jLoggerFactory]
log4j:WARN No appenders could be found for logger (org.apache.solr.client.solrj.impl.HttpClientUtil).
log4j:WARN Please initialize the log4j system properly.
log4j:WARN See http://logging.apache.org/log4j/1.2/faq.html#noconfig for more info.
八月 17, 2018 1:56:25 下午 org.apache.catalina.startup.HostConfig deployDirectory
信息: Deploying web application directory F:\giovani-applicaion\apache-tomcat-7.0.52-windows-x64\apache-tomcat-7.0.52\webapps\docs
八月 17, 2018 1:56:25 下午 org.apache.catalina.startup.HostConfig deployDirectory
信息: Deploying web application directo八月 17, 2018 1:56:26 下午 org.apache.catalina.core.AprLifecycleListener initializeSSL
信息: Ope八月 17, 2018 1:56:26 下午 org.apache.catalina.startup.HostC八月 17, 2018 1:56:26 下午 org.apache.coyote.AbstractProtocol init
信息: Initializing ProtocolHandler ["http-apr-8080"]
八月 17, 2018 1:56:26 下午 org.apache.coyote.AbstractProtocol init
严重: Failed to initialize end point associated with ProtocolHandler ["http-apr-8080"]
java.lang.Exception: Socket bind failed: [730048] ?????????×???(Э?é/???????/???)????í??
	at org.apache.tomcat.util.net.AprEndpoint.bind(AprEndpoint.java:430)
	at org.apache.tomcat.util.net.AbstractEndpoint.init(AbstractEndpoint.java:640)
	at org.apache.coyote.AbstractProtocol.init(AbstractProtocol.java:434)
	at org.apache.catalina.connector.Connector.initInternal(Connector.java:978)
	at org.apache.catalina.util.LifecycleBase.init(LifecycleBase.java:102)
	at org.apache.catalina.core.StandardService.initInternal(StandardService.java:559)
	at org.apache.catalina.util.LifecycleBase.init(LifecycleBase.java:102)
	at org.apache.catalina.core.Stand八月 17, 2018 1:56:45 下午 org.apache.catalina.core.StandardServer await
信息: A valid shutdown command was received via the shutdown port. Stopping the Server instance.
八月 17, 2018 1:56:45 下午 org.apache.coyote.AbstractProtocol pause
信息: Pausing ProtocolHandler ["http-apr-8080"]
八月 17, 2018 1:56:45 下午 org.apache.coyote.AbstractProtocol pause
信息: Pausing ProtocolHandler ["ajp-apr-8009"]
八月 17, 2018 1:56:45 下午 org.apache.catalina.core.StandardService stopInternal
信息: Stopping service Catalina
八月 17, 2018 1:56:45 下午 org.apache.coyote.AbstractProtocol stop
信息: Stopping ProtocolHandler ["http-apr-8080"]
八月 17, 2018 1:56:45 下午 org.apache.coyote.AbstractProtocol stop
信息: Stopping ProtocolHandler ["ajp-apr-8009"]
八月 17, 2018 1:56:45 下午 org.apache.coyote.AbstractProtocol destroy
信息: Destroying ProtocolHandler ["http-apr-8080"]
八月 17, 2018 1:56:45 下午 org.apache.coyote.AbstractProtocol destroy
信息: Destroying ProtocolHandler ["ajp-apr-8009"]

	at org.apache.catalina.core.StandardService.initInternal(StandardService.java:559)
	at org.apache.catalina.util.LifecycleBase.init(LifecycleBase.java:102)
	at org.apache.catalina.core.StandardServer.initInternal(StandardServer.java:813)
	at org.apache.catalina.util.LifecycleBase.init(LifecycleBase.java:102)
	at org.apache.catalina.startup.Catalina.load(Catalina.java:638)
	at org.apache.catalina.startup.Catalina.load(Catalina.java:663)
	at sun.reflect.NativeMethodAccessorImpl.invoke0(Native Method)
	at sun.reflect.NativeMethodAccessorImpl.invoke(NativeMethodAccessorImpl.java:62)
	at sun.reflect.DelegatingMethodAccessorImpl.invoke(DelegatingMethodAccessorImpl.java:43)
	at java.lang.reflect.Method.invoke(Method.java:498)
	at org.apache.catalina.startup.Bootstrap.load(Bootstrap.java:280)
	at org.apache.catalina.startup.Bootstrap.main(Bootstrap.java:454)
Caused by: org.apache.catalina.LifecycleException: Protocol handler initialization failed
	at org.apache.catalina.connector.Connector.initInternal(Connector.java:980)
	at org.apache.catalina.util.LifecycleBase.init(LifecycleBase.java:102)
	... 12 more
Caused by: java.lang.Exception: Socket bind failed: [730048] ?????????×???(Э?é/???????/???)????í??
	at org.apache.tomcat.util.net.AprEndpoint.bind(AprEndpoint.java:430)
	at org.apache.tomcat.util.net.AbstractEndpoint.init(AbstractEndpoint.java:640)
	at org.apache.coyote.AbstractProtocol.init(AbstractProtocol.java:434)
	at org.apache.catalina.connector.Connector.initInternal(Connector.java:978)
	... 13 more

八月 17, 2018 1:56:26 下午 org.apache.coyote.AbstractProtocol init
信息: Initializing ProtocolHandler ["ajp-apr-8009"]
八月 17, 2018 1:56:26 下午 org.apache.coyote.AbstractProtocol init
严重: Failed to initialize end point associated with ProtocolHandler ["ajp-apr-8009"]
java.lang.Exception: Socket bind failed: [730048] ?????????×???(Э?é/???????/???)????í??
	at org.apache.tomcat.util.net.AprEndpoint.bind(AprEndpoint.java:430)
	at org.apache.tomcat.util.net.AbstractEndpoint.init(AbstractEndpoint.java:640)
	at org.apache.coyote.AbstractProtocol.init(AbstractProtocol.java:434)
	at org.apache.catalina.connector.Connector.initInternal(Connector.java:978)
	at org.apache.catalina.util.LifecycleBase.init(LifecycleBase.java:102)
	at org.apache.catalina.core.StandardService.initInternal(StandardService.java:559)
	at org.apache.catalina.util.LifecycleBase.init(LifecycleBase.java:102)
	at org.apache.catalina.core.StandardServer.initInternal(StandardServer.java:813)
	at org.apache.catalina.util.LifecycleBase.init(LifecycleBase.java:102)
	at org.apache.catalina.startup.Catalina.load(Catalina.java:638)
	at org.apache.catalina.startup.Catalina.load(Catalina.java:663)
	at sun.reflect.NativeMethodAccessorImpl.invoke0(Native Method)
	at sun.reflect.NativeMethodAccessorImpl.invoke(NativeMethodAccessorImpl.java:62)
	at sun.reflect.DelegatingMethodAccessorImpl.invoke(DelegatingMethodAccessorImpl.java:43)
	at java.lang.reflect.Method.invoke(Method.java:498)
	at org.apache.catalina.startup.Bootstrap.load(Bootstrap.java:280)
	at org.apache.catalina.startup.Bootstrap.main(Bootstrap.java:454)

八月 17, 2018 1:56:26 下午 org.apache.catalina.core.StandardService initInternal
严重: Failed to initialize connector [Connector[AJP/1.3-8009]]
org.apache.catalina.LifecycleException: Failed to initialize component [Connector[AJP/1.3-8009]]
	at org.apache.catalina.util.LifecycleBase.init(LifecycleBase.java:106)
	at org.apache.catalina.core.StandardService.initInternal(StandardService.java:559)
	at org.apache.catalina.util.LifecycleBase.init(LifecycleBase.java:102)
	at org.apache.catalina.core.StandardServer.initInternal(StandardServer.java:813)
	at org.apache.catalina.util.LifecycleBase.init(LifecycleBase.java:102)
	at org.apache.catalina.startup.Catalina.load(Catalina.java:638)
	at org.apache.catalina.startup.Catalina.load(Catalina.java:663)
	at sun.reflect.NativeMethodAccessorImpl.invoke0(Native Method)
	at sun.reflect.NativeMethodAccessorImpl.invoke(NativeMethodAccessorImpl.java:62)
	at sun.reflect.DelegatingMethodAccessorImpl.invoke(DelegatingMethodAccessorImpl.java:43)
	at java.lang.reflect.Method.invoke(Method.java:498)
	at org.apache.catalina.startup.Bootstrap.load(Bootstrap.java:280)
	at org.apache.catalina.startup.Bootstrap.main(Bootstrap.java:454)
Caused by: org.apache.catalina.LifecycleException: Protocol handler initialization failed
	at org.apache.catalina.connector.Connector.initInternal(Connector.java:980)
	at org.apache.catalina.util.LifecycleBase.init(LifecycleBase.java:102)
	... 12 more
Caused by: java.lang.Exception: Socket bind failed: [730048] ?????????×???(Э?é/???????/???)????í??
	at org.apache.tomcat.util.net.AprEndpoint.bind(AprEndpoint.java:430)
	at org.apache.tomcat.util.net.AbstractEndpoint.init(AbstractEndpoint.java:640)
	at org.apache.coyote.AbstractProtocol.init(AbstractProtocol.java:434)
	at org.apache.catalina.connector.Connector.initInternal(Connector.java:978)
	... 13 more

八月 17, 2018 1:56:26 下午 org.apache.catalina.startup.Catalina load
信息: Initialization processed in 2569 ms
八月 17, 2018 1:56:27 下午 org.apache.catalina.core.StandardService startInternal
信息: Starting service Catalina
八月 17, 2018 1:56:27 下午 org.apache.catalina.core.StandardEngine startInternal
信息: Starting Servlet Engine: Apache Tomcat/7.0.52
八月 17, 2018 1:56:27 下午 org.apache.catalina.startup.HostConfig deployWAR
信息: Deploying web application archive F:\giovani-applicaion\apache-tomcat-7.0.52-windows-x64\apache-tomcat-7.0.52\webapps\CPT.war
八月 17, 2018 1:56:29 下午 org.apache.catalina.util.SessionIdGenerator createSecureRandom
信息: Creation of SecureRandom instance for session ID generation using [SHA1PRNG] took [166] milliseconds.
八月 17, 2018 1:56:29 下午 org.apache.catalina.startup.HostConfig deployWAR
信息: Deploying web application archive F:\giovani-applicaion\apache-tomcat-7.0.52-windows-x64\apache-tomcat-7.0.52\webapps\solr.war
SLF4J: Class path contains multiple SLF4J bindings.
SLF4J: Found binding in [jar:file:/F:/giovani-applicaion/apache-tomcat-7.0.52-windows-x64/apache-tomcat-7.0.52/lib/slf4j-log4j12-1.7.6.jar!/org/slf4j/impl/StaticLoggerBinder.class]
SLF4J: Found binding in [jar:file:/F:/giovani-applicaion/apache-tomcat-7.0.52-windows-x64/apache-tomcat-7.0.52/webapps/solr/WEB-INF/lib/slf4j-log4j12-1.7.6.jar!/org/slf4j/impl/StaticLoggerBinder.class]
SLF4J: See http://www.slf4j.org/codes.html#multiple_bindings for an explanation.
SLF4J: Actual binding is of type [org.slf4j.impl.Log4jLoggerFactory]
log4j:WARN No appenders could be found for logger (org.apache.solr.client.solrj.impl.HttpClientUtil).
log4j:WARN Please initialize the log4j system properly.
log4j:WARN See http://logging.apache.org/log4j/1.2/faq.html#noconfig for more info.
八月 17, 2018 1:57:02 下午 org.apache.catalina.startup.HostConfig deployDirectory
信息: Deploying web application directory F:\giovani-applicaion\apache-tomcat-7.0.52-windows-x64\apache-tomcat-7.0.52\webapps\docs
八月 17, 2018 1:57:02 下午 org.apache.catalina.startup.HostConfig deployDirectory
信息: Deploying web application directory F:\giovani-applicaion\apache-tomcat-7.0.52-windows-x64\apache-tomcat-7.0.52\webapps\examples
八月 17, 2018 1:57:02 下午 org.apache.catalina.startup.HostConfig deployDirectory
信息: Deploying web application directory F:\giovani-applicaion\apache-tomcat-7.0.52-windows-x64\apache-tomcat-7.0.52\webapps\host-manager
八月 17, 2018 1:57:02 下午 org.apache.catalina.startup.HostConfig deployDirectory
信息: Deploying web application directory F:\giovani-applicaion\apache-tomcat-7.0.52-windows-x64\apache-tomcat-7.0.52\webapps\manager
八月 17, 2018 1:57:02 下午 org.apache.catalina.startup.HostConfig deployDirectory
信息: Deploying web application directory F:\giovani-applicaion\apache-tomcat-7.0.52-windows-x64\apache-tomcat-7.0.52\webapps\ROOT
八月 17, 2018 1:57:02 下午 org.apache.catalina.startup.Catalina start
信息: Server startup in 35983 ms
八月 17, 2018 1:57:20 下午 org.apache.catalina.core.StandardServer await
信息: A valid shutdown command was received via the shutdown port. Stopping the Server instance.
八月 17, 2018 1:57:20 下午 org.apache.coyote.AbstractProtocol pause
信息: Pausing ProtocolHandler ["http-apr-8080"]
八月 17, 2018 1:57:20 下午 org.apache.coyote.AbstractProtocol pause
信息: Pausing ProtocolHandler ["ajp-apr-8009"]
八月 17, 2018 1:57:20 下午 org.apache.catalina.core.StandardService stopInternal
信息: Stopping service Catalina
八月 17, 2018 1:57:20 下午 org.apache.coyote.AbstractProtocol stop
信息: Stopping ProtocolHandler ["http-apr-8080"]
八月 17, 2018 1:57:20 下午 org.apache.coyote.AbstractProtocol destroy
信息: Destroying ProtocolHandler ["http-apr-8080"]
八月 17, 2018 1:57:20 下午 org.apache.coyote.AbstractProtocol stop
信息: Stopping ProtocolHandler ["ajp-apr-8009"]
八月 17, 2018 1:57:20 下午 org.apache.coyote.AbstractProtocol destroy
信息: Destroying ProtocolHandler ["ajp-apr-8009"]
八月 18, 2018 2:01:48 下午 org.apache.catalina.core.AprLifecycleListener init
信息: Loaded APR based Apache Tomcat Native library 1.1.29 using APR version 1.4.8.
八月 18, 2018 2:01:48 下午 org.apache.catalina.core.AprLifecycleListener init
信息: APR capabilities: IPv6 [true], sendfile [true], accept filters [false], random [true].
八月 18, 2018 2:01:49 下午 org.apache.catalina.core.AprLifecycleListener initializeSSL
信息: OpenSSL successfully initialized (OpenSSL 1.0.1e 11 Feb 2013)
八月 18, 2018 2:01:49 下午 org.apache.coyote.AbstractProtocol init
信息: Initializing ProtocolHandler ["http-apr-8080"]
八月 18, 2018 2:01:49 下午 org.apache.coyote.AbstractProtocol init
信息: Initializing ProtocolHandler ["ajp-apr-8009"]
八月 18, 2018 2:01:49 下午 org.apache.catalina.startup.Catalina load
信息: Initialization processed in 1676 ms
八月 18, 2018 2:01:49 下午 org.apache.catalina.core.StandardService startInternal
信息: Starting service Catalina
八月 18, 2018 2:01:49 下午 org.apache.catalina.core.StandardEngine startInternal
信息: Starting Servlet Engine: Apache Tomcat/7.0.52
八月 18, 2018 2:01:49 下午 org.apache.catalina.startup.HostConfig deployWAR
信息: Deploying web application archive F:\giovani-applicaion\apache-tomcat-7.0.52-windows-x64\apache-tomcat-7.0.52\webapps\CPT.war
八月 18, 2018 2:01:51 下午 org.apache.catalina.util.SessionIdGenerator createSecureRandom
信息: Creation of SecureRandom instance for session ID generation using [SHA1PRNG] took [159] milliseconds.
八月 18, 2018 2:01:51 下午 org.apache.catalina.startup.HostConfig deployWAR
信息: Deploying web application archive F:\giovani-applicaion\apache-tomcat-7.0.52-windows-x64\apache-tomcat-7.0.52\webapps\solr.war
SLF4J: Class path contains multiple SLF4J bindings.
SLF4J: Found binding in [jar:file:/F:/giovani-applicaion/apache-tomcat-7.0.52-windows-x64/apache-tomcat-7.0.52/lib/slf4j-log4j12-1.7.6.jar!/org/slf4j/impl/StaticLoggerBinder.class]
SLF4J: Found binding in [jar:file:/F:/giovani-applicaion/apache-tomcat-7.0.52-windows-x64/apache-tomcat-7.0.52/webapps/solr/WEB-INF/lib/slf4j-log4j12-1.7.6.jar!/org/slf4j/impl/StaticLoggerBinder.class]
SLF4J: See http://www.slf4j.org/codes.html#multiple_bindings for an explanation.
SLF4J: Actual binding is of type [org.slf4j.impl.Log4jLoggerFactory]
log4j:WARN No appenders could be found for logger (org.apache.solr.client.solrj.impl.HttpClientUtil).
log4j:WARN Please initialize the log4j system properly.
log4j:WARN See http://logging.apache.org/log4j/1.2/faq.html#noconfig for more info.
八月 18, 2018 2:02:17 下午 org.apache.catalina.startup.HostConfig deployDirectory
信息: Deploying web application directory F:\giovani-applicaion\apache-tomcat-7.0.52-windows-x64\apache-tomcat-7.0.52\webapps\docs
八月 18, 2018 2:02:17 下午 org.apache.catalina.startup.HostConfig deployDirectory
信息: Deploying web application directory F:\giovani-applicaion\apache-tomcat-7.0.52-windows-x64\apache-tomcat-7.0.52\webapps\examples
八月 18, 2018 2:02:18 下午 org.apache.catalina.startup.HostConfig deployDirectory
信息: Deploying web application directory F:\giovani-applicaion\apache-tomcat-7.0.52-windows-x64\apache-tomcat-7.0.52\webapps\host-manager
八月 18, 2018 2:02:18 下午 org.apache.catalina.startup.HostConfig deployDirectory
信息: Deploying web application directory F:\giovani-applicaion\apache-tomcat-7.0.52-windows-x64\apache-tomcat-7.0.52\webapps\manager
八月 18, 2018 2:02:18 下午 org.apache.catalina.startup.HostConfig deployDirectory
信息: Deploying web application directory F:\giovani-applicaion\apache-tomcat-7.0.52-windows-x64\apache-tomcat-7.0.52\webapps\ROOT
八月 18, 2018 2:02:18 下午 org.apache.coyote.AbstractProtocol start
信息: Starting ProtocolHandler ["http-apr-8080"]
八月 18, 2018 2:02:18 下午 org.apache.coyote.AbstractProtocol start
信息: Starting ProtocolHandler ["ajp-apr-8009"]
八月 18, 2018 2:02:18 下午 org.apache.catalina.startup.Catalina start
信息: Server startup in 29008 ms
八月 18, 2018 2:02:18 下午 org.apache.catalina.core.StandardServer await
严重: StandardServer.await: create[localhost:8005]: 
java.net.BindException: Address already in use: JVM_Bind
	at java.net.DualStackPlainSocketImpl.bind0(Native Method)
	at java.net.DualStackPlainSocketImpl.socketBind(DualStackPlainSocketImpl.java:106)
	at java.net.AbstractPlainSocketImpl.bind(AbstractPlainSocketImpl.java:387)
	at java.net.PlainSocketImpl.bind(PlainSocketImpl.java:190)
	at java.net.ServerSocket.bind(ServerSocket.java:375)
	at java.net.ServerSocket.<init>(ServerSocket.java:237)
	at org.apache.catalina.core.StandardServer.await(StandardServer.java:426)
	at org.apache.catalina.startup.Catalina.await(Catalina.java:777)
	at org.apache.catalina.startup.Catalina.start(Catalina.java:723)
	at sun.reflect.NativeMethodAccessorImpl.invoke0(Native Method)
	at sun.reflect.NativeMethodAccessorImpl.invoke(NativeMethodAccessorImpl.java:62)
	at sun.reflect.DelegatingMethodAccessorImpl.invoke(DelegatingMethodAccessorImpl.java:43)
	at java.lang.reflect.Method.invoke(Method.java:498)
	at org.apache.catalina.startup.Bootstrap.start(Bootstrap.java:321)
	at org.apache.catalina.startup.Bootstrap.main(Bootstrap.java:455)

八月 18, 2018 2:02:18 下午 org.apache.coyote.AbstractProtocol pause
信息: Pausing ProtocolHandler ["http-apr-8080"]
八月 18, 2018 2:02:18 下午 org.apache.coyote.AbstractProtocol pause
信息: Pausing ProtocolHandler ["ajp-apr-8009"]
八月 18, 2018 2:02:18 下午 org.apache.catalina.core.StandardService stopInternal
信息: Stopping service Catalina
八月 18, 2018 2:02:18 下午 org.apache.coyote.AbstractProtocol stop
信息: Stopping ProtocolHandler ["http-apr-8080"]
八月 18, 2018 2:02:18 下午 org.apache.coyote.AbstractProtocol stop
信息: Stopping ProtocolHandler ["ajp-apr-8009"]
八月 18, 2018 2:02:18 下午 org.apache.coyote.AbstractProtocol destroy
信息: Destroying ProtocolHandler ["http-apr-8080"]
八月 18, 2018 2:02:18 下午 org.apache.coyote.AbstractProtocol destroy
信息: Destroying ProtocolHandler ["ajp-apr-8009"]
