八月 19, 2018 10:40:10 上午 org.apache.catalina.core.AprLifecycleListener init
信息: Loaded APR based Apache Tomcat Native library 1.1.29 using APR version 1.4.8.
八月 19, 2018 10:40:10 上午 org.apache.catalina.core.AprLifecycleListener init
信息: APR capabilities: IPv6 [true], sendfile [true], accept filters [false], random [true].
八月 19, 2018 10:40:11 上午 org.apache.catalina.core.AprLifecycleListener initializeSSL
信息: OpenSSL successfully initialized (OpenSSL 1.0.1e 11 Feb 2013)
八月 19, 2018 10:40:12 上午 org.apache.coyote.AbstractProtocol init
信息: Initializing ProtocolHandler ["http-apr-8080"]
八月 19, 2018 10:40:12 上午 org.apache.coyote.AbstractProtocol init
信息: Initializing ProtocolHandler ["ajp-apr-8009"]
八月 19, 2018 10:40:12 上午 org.apache.catalina.startup.Catalina load
信息: Initialization processed in 1891 ms
八月 19, 2018 10:40:12 上午 org.apache.catalina.core.StandardService startInternal
信息: Starting service Catalina
八月 19, 2018 10:40:12 上午 org.apache.catalina.core.StandardEngine startInternal
信息: Starting Servlet Engine: Apache Tomcat/7.0.52
八月 19, 2018 10:40:12 上午 org.apache.catalina.startup.HostConfig deployWAR
信息: Deploying web application archive F:\giovani-applicaion\apache-tomcat-7.0.52-windows-x64\apache-tomcat-7.0.52\webapps\CPT.war
八月 19, 2018 10:40:13 上午 org.apache.catalina.util.SessionIdGenerator createSecureRandom
信息: Creation of SecureRandom instance for session ID generation using [SHA1PRNG] took [176] milliseconds.
八月 19, 2018 10:40:13 上午 org.apache.catalina.startup.HostConfig deployWAR
信息: Deploying web application archive F:\giovani-applicaion\apache-tomcat-7.0.52-windows-x64\apache-tomcat-7.0.52\webapps\solr.war
八月 19, 2018 10:40:39 上午 org.apache.catalina.startup.HostConfig deployDirectory
信息: Deploying web application directory F:\giovani-applicaion\apache-tomcat-7.0.52-windows-x64\apache-tomcat-7.0.52\webapps\docs
八月 19, 2018 10:40:39 上午 org.apache.catalina.startup.HostConfig deployDirectory
信息: Deploying web application directory F:\giovani-applicaion\apache-tomcat-7.0.52-windows-x64\apache-tomcat-7.0.52\webapps\examples
八月 19, 2018 10:40:40 上午 org.apache.catalina.startup.HostConfig deployDirectory
信息: Deploying web application directory F:\giovani-applicaion\apache-tomcat-7.0.52-windows-x64\apache-tomcat-7.0.52\webapps\host-manager
八月 19, 2018 10:40:40 上午 org.apache.catalina.startup.HostConfig deployDirectory
信息: Deploying web application directory F:\giovani-applicaion\apache-tomcat-7.0.52-windows-x64\apache-tomcat-7.0.52\webapps\manager
八月 19, 2018 10:40:40 上午 org.apache.catalina.startup.HostConfig deployDirectory
信息: Deploying web application directory F:\giovani-applicaion\apache-tomcat-7.0.52-windows-x64\apache-tomcat-7.0.52\webapps\ROOT
八月 19, 2018 10:40:40 上午 org.apache.coyote.AbstractProtocol start
信息: Starting ProtocolHandler ["http-apr-8080"]
八月 19, 2018 10:40:40 上午 org.apache.coyote.AbstractProtocol start
信息: Starting ProtocolHandler ["ajp-apr-8009"]
八月 19, 2018 10:40:40 上午 org.apache.catalina.startup.Catalina start
信息: Server startup in 28221 ms
八月 19, 2018 6:07:12 下午 org.apache.catalina.core.AprLifecycleListener init
信息: Loaded APR based Apache Tomcat Native library 1.1.29 using APR version 1.4.8.
八月 19, 2018 6:07:12 下午 org.apache.catalina.core.AprLifecycleListener init
信息: APR capabilities: IPv6 [true], sendfile [true], accept filters [false], random [true].
八月 19, 2018 6:07:13 下午 org.apache.catalina.core.AprLifecycleListener initializeSSL
信息: OpenSSL successfully initialized (OpenSSL 1.0.1e 11 Feb 2013)
八月 19, 2018 6:07:13 下午 org.apache.coyote.AbstractProtocol init
信息: Initializing ProtocolHandler ["http-apr-8080"]
八月 19, 2018 6:07:13 下午 org.apache.coyote.AbstractProtocol init
信息: Initializing ProtocolHandler ["ajp-apr-8009"]
八月 19, 2018 6:07:13 下午 org.apache.catalina.startup.Catalina load
信息: Initialization processed in 1809 ms
八月 19, 2018 6:07:13 下午 org.apache.catalina.core.StandardService startInternal
信息: Starting service Catalina
八月 19, 2018 6:07:13 下午 org.apache.catalina.core.StandardEngine startInternal
信息: Starting Servlet Engine: Apache Tomcat/7.0.52
八月 19, 2018 6:07:13 下午 org.apache.catalina.startup.HostConfig deployWAR
信息: Deploying web application archive F:\giovani-applicaion\apache-tomcat-7.0.52-windows-x64\apache-tomcat-7.0.52\webapps\CPT.war
八月 19, 2018 6:07:15 下午 org.apache.catalina.util.SessionIdGenerator createSecureRandom
信息: Creation of SecureRandom instance for session ID generation using [SHA1PRNG] took [125] milliseconds.
八月 19, 2018 6:07:15 下午 org.apache.catalina.startup.HostConfig deployWAR
信息: Deploying web application archive F:\giovani-applicaion\apache-tomcat-7.0.52-windows-x64\apache-tomcat-7.0.52\webapps\solr.war
八月 19, 2018 6:07:44 下午 org.apache.catalina.startup.HostConfig deployDirectory
信息: Deploying web application directory F:\giovani-applicaion\apache-tomcat-7.0.52-windows-x64\apache-tomcat-7.0.52\webapps\docs
八月 19, 2018 6:07:44 下午 org.apache.catalina.startup.HostConfig deployDirectory
信息: Deploying web application directory F:\giovani-applicaion\apache-tomcat-7.0.52-windows-x64\apache-tomcat-7.0.52\webapps\examples
八月 19, 2018 6:07:45 下午 org.apache.catalina.startup.HostConfig deployDirectory
信息: Deploying web application directory F:\giovani-applicaion\apache-tomcat-7.0.52-windows-x64\apache-tomcat-7.0.52\webapps\host-manager
八月 19, 2018 6:07:45 下午 org.apache.catalina.startup.HostConfig deployDirectory
信息: Deploying web application directory F:\giovani-applicaion\apache-tomcat-7.0.52-windows-x64\apache-tomcat-7.0.52\webapps\manager
八月 19, 2018 6:07:45 下午 org.apache.catalina.startup.HostConfig deployDirectory
信息: Deploying web application directory F:\giovani-applicaion\apache-tomcat-7.0.52-windows-x64\apache-tomcat-7.0.52\webapps\ROOT
八月 19, 2018 6:07:45 下午 org.apache.coyote.AbstractProtocol start
信息: Starting ProtocolHandler ["http-apr-8080"]
八月 19, 2018 6:07:45 下午 org.apache.coyote.AbstractProtocol start
信息: Starting ProtocolHandler ["ajp-apr-8009"]
八月 19, 2018 6:07:45 下午 org.apache.catalina.startup.Catalina start
信息: Server startup in 31482 ms
八月 19, 2018 8:10:22 下午 org.apache.catalina.core.StandardServer await
信息: A valid shutdown command was received via the shutdown port. Stopping the Server instance.
八月 19, 2018 8:10:22 下午 org.apache.coyote.AbstractProtocol pause
信息: Pausing ProtocolHandler ["http-apr-8080"]
八月 19, 2018 8:10:22 下午 org.apache.coyote.AbstractProtocol pause
信息: Pausing ProtocolHandler ["ajp-apr-8009"]
八月 19, 2018 8:10:22 下午 org.apache.catalina.core.StandardService stopInternal
信息: Stopping service Catalina
八月 19, 2018 8:10:22 下午 org.apache.catalina.loader.WebappClassLoader checkThreadLocalMapForLeaks
严重: The web application [/solr] created a ThreadLocal with key of type [org.apache.solr.schema.DateField.ThreadLocalDateFormat] (value [org.apache.solr.schema.DateField$ThreadLocalDateFormat@7dfc82ae]) and a value of type [org.apache.solr.schema.DateField.ISO8601CanonicalDateFormat] (value [org.apache.solr.schema.DateField$ISO8601CanonicalDateFormat@6b2ed43a]) but failed to remove it when the web application was stopped. Threads are going to be renewed over time to try and avoid a probable memory leak.
八月 19, 2018 8:10:22 下午 org.apache.coyote.AbstractProtocol stop
信息: Stopping ProtocolHandler ["http-apr-8080"]
八月 19, 2018 8:10:22 下午 org.apache.coyote.AbstractProtocol stop
信息: Stopping ProtocolHandler ["ajp-apr-8009"]
八月 19, 2018 8:10:23 下午 org.apache.coyote.AbstractProtocol destroy
信息: Destroying ProtocolHandler ["http-apr-8080"]
八月 19, 2018 8:10:23 下午 org.apache.coyote.AbstractProtocol destroy
信息: Destroying ProtocolHandler ["ajp-apr-8009"]
