六月 17, 2018 5:29:07 下午 org.apache.catalina.core.ApplicationContext log
信息: ContextListener: contextInitialized()
六月 17, 2018 5:29:07 下午 org.apache.catalina.core.ApplicationContext log
信息: SessionListener: contextInitialized()
六月 17, 2018 5:29:07 下午 org.apache.catalina.core.ApplicationContext log
信息: ContextListener: attributeAdded('org.apache.jasper.compiler.TldLocationsCache', 'org.apache.jasper.compiler.TldLocationsCache@3f37ec3d')
六月 17, 2018 5:29:14 下午 org.apache.catalina.core.ApplicationContext log
信息: SessionListener: contextDestroyed()
六月 17, 2018 5:29:14 下午 org.apache.catalina.core.ApplicationContext log
信息: ContextListener: contextDestroyed()
六月 17, 2018 5:31:19 下午 org.apache.catalina.core.ApplicationContext log
信息: ContextListener: contextInitialized()
六月 17, 2018 5:31:19 下午 org.apache.catalina.core.ApplicationContext log
信息: SessionListener: contextInitialized()
六月 17, 2018 5:31:19 下午 org.apache.catalina.core.ApplicationContext log
信息: ContextListener: attributeAdded('org.apache.jasper.compiler.TldLocationsCache', 'org.apache.jasper.compiler.TldLocationsCache@3db661d7')
六月 17, 2018 5:31:53 下午 org.apache.catalina.core.ApplicationContext log
信息: SessionListener: contextDestroyed()
六月 17, 2018 5:31:53 下午 org.apache.catalina.core.ApplicationContext log
信息: ContextListener: contextDestroyed()
