八月 17, 2018 1:56:26 下午 org.apache.catalina.core.ApplicationContext log
信息: ContextListener: contextInitialized()
八月 17, 2018 1:56:26 下午 org.apache.catalina.core.ApplicationContext log
信息: SessionListener: contextInitialized()
八月 17, 2018 1:56:26 下午 org.apache.catalina.core.ApplicationContext log
信息: ContextListener: attributeAdded('org.apache.jasper.compiler.TldLocationsCache', 'org.apache.jasper.compiler.TldLocationsCache@5123e896')
八月 17, 2018 1:56:45 下午 org.apache.catalina.core.ApplicationContext log
信息: SessionListener: contextDestroyed()
八月 17, 2018 1:56:45 下午 org.apache.catalina.core.ApplicationContext log
信息: ContextListener: contextDestroyed()
八月 17, 2018 1:57:02 下午 org.apache.catalina.core.ApplicationContext log
信息: ContextListener: contextInitialized()
八月 17, 2018 1:57:02 下午 org.apache.catalina.core.ApplicationContext log
信息: SessionListener: contextInitialized()
八月 17, 2018 1:57:02 下午 org.apache.catalina.core.ApplicationContext log
信息: ContextListener: attributeAdded('org.apache.jasper.compiler.TldLocationsCache', 'org.apache.jasper.compiler.TldLocationsCache@6d0632bf')
八月 17, 2018 1:57:09 下午 org.apache.catalina.core.ApplicationContext log
信息: ContextListener: contextInitialized()
八月 17, 2018 1:57:09 下午 org.apache.catalina.core.ApplicationContext log
信息: SessionListener: contextInitialized()
八月 17, 2018 1:57:09 下午 org.apache.catalina.core.ApplicationContext log
信息: ContextListener: attributeAdded('org.apache.jasper.compiler.TldLocationsCache', 'org.apache.jasper.compiler.TldLocationsCache@67794a9d')
八月 17, 2018 1:57:10 下午 org.apache.catalina.core.ApplicationContext log
信息: SessionListener: contextDestroyed()
八月 17, 2018 1:57:10 下午 org.apache.catalina.core.ApplicationContext log
信息: ContextListener: contextDestroyed()
八月 17, 2018 1:57:20 下午 org.apache.catalina.core.ApplicationContext log
信息: SessionListener: contextDestroyed()
八月 17, 2018 1:57:20 下午 org.apache.catalina.core.ApplicationContext log
信息: ContextListener: contextDestroyed()
八月 17, 2018 1:57:53 下午 org.apache.catalina.core.ApplicationContext log
信息: ContextListener: contextInitialized()
八月 17, 2018 1:57:53 下午 org.apache.catalina.core.ApplicationContext log
信息: SessionListener: contextInitialized()
八月 17, 2018 1:57:53 下午 org.apache.catalina.core.ApplicationContext log
信息: ContextListener: attributeAdded('org.apache.jasper.compiler.TldLocationsCache', 'org.apache.jasper.compiler.TldLocationsCache@26eeeb72')
八月 17, 2018 6:39:09 下午 org.apache.catalina.core.ApplicationContext log
信息: ContextListener: contextInitialized()
八月 17, 2018 6:39:09 下午 org.apache.catalina.core.ApplicationContext log
信息: SessionListener: contextInitialized()
八月 17, 2018 6:39:09 下午 org.apache.catalina.core.ApplicationContext log
信息: ContextListener: attributeAdded('org.apache.jasper.compiler.TldLocationsCache', 'org.apache.jasper.compiler.TldLocationsCache@4fec9d89')
八月 17, 2018 8:38:35 下午 org.apache.catalina.core.ApplicationContext log
信息: SessionListener: contextDestroyed()
八月 17, 2018 8:38:35 下午 org.apache.catalina.core.ApplicationContext log
信息: ContextListener: contextDestroyed()
八月 17, 2018 8:39:05 下午 org.apache.catalina.core.ApplicationContext log
信息: ContextListener: contextInitialized()
八月 17, 2018 8:39:05 下午 org.apache.catalina.core.ApplicationContext log
信息: SessionListener: contextInitialized()
八月 17, 2018 8:39:05 下午 org.apache.catalina.core.ApplicationContext log
信息: ContextListener: attributeAdded('org.apache.jasper.compiler.TldLocationsCache', 'org.apache.jasper.compiler.TldLocationsCache@49293e1b')
八月 17, 2018 9:35:44 下午 org.apache.catalina.core.ApplicationContext log
信息: ContextListener: contextInitialized()
八月 17, 2018 9:35:44 下午 org.apache.catalina.core.ApplicationContext log
信息: SessionListener: contextInitialized()
八月 17, 2018 9:35:44 下午 org.apache.catalina.core.ApplicationContext log
信息: ContextListener: attributeAdded('org.apache.jasper.compiler.TldLocationsCache', 'org.apache.jasper.compiler.TldLocationsCache@273f9bc8')
