八月 18, 2018 8:53:38 上午 org.apache.catalina.core.ApplicationContext log
信息: ContextListener: contextInitialized()
八月 18, 2018 8:53:38 上午 org.apache.catalina.core.ApplicationContext log
信息: SessionListener: contextInitialized()
八月 18, 2018 8:53:38 上午 org.apache.catalina.core.ApplicationContext log
信息: ContextListener: attributeAdded('org.apache.jasper.compiler.TldLocationsCache', 'org.apache.jasper.compiler.TldLocationsCache@26eeeb72')
八月 18, 2018 9:46:31 上午 org.apache.catalina.core.ApplicationContext log
信息: SessionListener: contextDestroyed()
八月 18, 2018 9:46:31 上午 org.apache.catalina.core.ApplicationContext log
信息: ContextListener: contextDestroyed()
八月 18, 2018 2:02:16 下午 org.apache.catalina.core.ApplicationContext log
信息: ContextListener: contextInitialized()
八月 18, 2018 2:02:16 下午 org.apache.catalina.core.ApplicationContext log
信息: SessionListener: contextInitialized()
八月 18, 2018 2:02:16 下午 org.apache.catalina.core.ApplicationContext log
信息: ContextListener: attributeAdded('org.apache.jasper.compiler.TldLocationsCache', 'org.apache.jasper.compiler.TldLocationsCache@256f5708')
八月 18, 2018 2:02:18 下午 org.apache.catalina.core.ApplicationContext log
信息: ContextListener: contextInitialized()
八月 18, 2018 2:02:18 下午 org.apache.catalina.core.ApplicationContext log
信息: SessionListener: contextInitialized()
八月 18, 2018 2:02:18 下午 org.apache.catalina.core.ApplicationContext log
信息: ContextListener: attributeAdded('org.apache.jasper.compiler.TldLocationsCache', 'org.apache.jasper.compiler.TldLocationsCache@4ef289df')
八月 18, 2018 2:02:18 下午 org.apache.catalina.core.ApplicationContext log
信息: SessionListener: contextDestroyed()
八月 18, 2018 2:02:18 下午 org.apache.catalina.core.ApplicationContext log
信息: ContextListener: contextDestroyed()
