八月 22, 2018 8:52:59 上午 org.apache.catalina.core.ApplicationContext log
信息: ContextListener: contextInitialized()
八月 22, 2018 8:52:59 上午 org.apache.catalina.core.ApplicationContext log
信息: SessionListener: contextInitialized()
八月 22, 2018 8:52:59 上午 org.apache.catalina.core.ApplicationContext log
信息: ContextListener: attributeAdded('org.apache.jasper.compiler.TldLocationsCache', 'org.apache.jasper.compiler.TldLocationsCache@7aaf174d')
八月 22, 2018 8:53:13 上午 org.apache.catalina.core.ApplicationContext log
信息: SessionListener: contextDestroyed()
八月 22, 2018 8:53:13 上午 org.apache.catalina.core.ApplicationContext log
信息: ContextListener: contextDestroyed()
八月 22, 2018 8:54:00 上午 org.apache.catalina.core.ApplicationContext log
信息: ContextListener: contextInitialized()
八月 22, 2018 8:54:00 上午 org.apache.catalina.core.ApplicationContext log
信息: SessionListener: contextInitialized()
八月 22, 2018 8:54:00 上午 org.apache.catalina.core.ApplicationContext log
信息: ContextListener: attributeAdded('org.apache.jasper.compiler.TldLocationsCache', 'org.apache.jasper.compiler.TldLocationsCache@26eeeb72')
八月 22, 2018 9:19:55 上午 org.apache.catalina.core.ApplicationContext log
信息: SessionListener: contextDestroyed()
八月 22, 2018 9:19:55 上午 org.apache.catalina.core.ApplicationContext log
信息: ContextListener: contextDestroyed()
