Performance Statistics   2018-08-22 09:45:00 - 2018-08-22 09:46:00
Tag                                                  Avg(ms)         Min         Max     Std Dev       Count
AUTHENTICATE                                           493.0         493         493         0.0           1
CREATE_TICKET_GRANTING_TICKET                          502.0         502         502         0.0           1

Performance Statistics   2018-08-22 09:46:00 - 2018-08-22 09:47:00
Tag                                                  Avg(ms)         Min         Max     Std Dev       Count

Performance Statistics   2018-08-22 09:47:00 - 2018-08-22 09:48:00
Tag                                                  Avg(ms)         Min         Max     Std Dev       Count

Performance Statistics   2018-08-22 09:48:00 - 2018-08-22 09:49:00
Tag                                                  Avg(ms)         Min         Max     Std Dev       Count

Performance Statistics   2018-08-22 09:49:00 - 2018-08-22 09:50:00
Tag                                                  Avg(ms)         Min         Max     Std Dev       Count

Performance Statistics   2018-08-22 09:50:00 - 2018-08-22 09:51:00
Tag                                                  Avg(ms)         Min         Max     Std Dev       Count

Performance Statistics   2018-08-22 09:51:00 - 2018-08-22 09:52:00
Tag                                                  Avg(ms)         Min         Max     Std Dev       Count

Performance Statistics   2018-08-22 09:52:00 - 2018-08-22 09:53:00
Tag                                                  Avg(ms)         Min         Max     Std Dev       Count

Performance Statistics   2018-08-22 09:53:00 - 2018-08-22 09:54:00
Tag                                                  Avg(ms)         Min         Max     Std Dev       Count

Performance Statistics   2018-08-22 09:55:00 - 2018-08-22 09:56:00
Tag                                                  Avg(ms)         Min         Max     Std Dev       Count
AUTHENTICATE                                           464.0         464         464         0.0           1
CREATE_TICKET_GRANTING_TICKET                          467.0         467         467         0.0           1
DESTROY_TICKET_GRANTING_TICKET                           6.0           6           6         0.0           1

Performance Statistics   2018-08-22 09:57:00 - 2018-08-22 09:58:00
Tag                                                  Avg(ms)         Min         Max     Std Dev       Count
AUTHENTICATE                                           264.7           3         786       368.6           3
CREATE_TICKET_GRANTING_TICKET                          266.0           4         788       369.1           3
DESTROY_TICKET_GRANTING_TICKET                          35.0          35          35         0.0           1

Performance Statistics   2018-08-22 09:59:00 - 2018-08-22 10:00:00
Tag                                                  Avg(ms)         Min         Max     Std Dev       Count
AUTHENTICATE                                           415.5           5         826       410.5           2
CREATE_TICKET_GRANTING_TICKET                          418.0           7         829       411.0           2

Performance Statistics   2018-08-22 10:02:00 - 2018-08-22 10:03:00
Tag                                                  Avg(ms)         Min         Max     Std Dev       Count
AUTHENTICATE                                           657.0         657         657         0.0           1
CREATE_TICKET_GRANTING_TICKET                          661.0         661         661         0.0           1

Performance Statistics   2018-08-22 10:03:00 - 2018-08-22 10:04:00
Tag                                                  Avg(ms)         Min         Max     Std Dev       Count

Performance Statistics   2018-08-22 10:04:00 - 2018-08-22 10:05:00
Tag                                                  Avg(ms)         Min         Max     Std Dev       Count

Performance Statistics   2018-08-22 10:05:00 - 2018-08-22 10:06:00
Tag                                                  Avg(ms)         Min         Max     Std Dev       Count

Performance Statistics   2018-08-22 10:06:00 - 2018-08-22 10:07:00
Tag                                                  Avg(ms)         Min         Max     Std Dev       Count

Performance Statistics   2018-08-22 10:07:00 - 2018-08-22 10:08:00
Tag                                                  Avg(ms)         Min         Max     Std Dev       Count

Performance Statistics   2018-08-22 10:08:00 - 2018-08-22 10:09:00
Tag                                                  Avg(ms)         Min         Max     Std Dev       Count

Performance Statistics   2018-08-22 10:09:00 - 2018-08-22 10:10:00
Tag                                                  Avg(ms)         Min         Max     Std Dev       Count

Performance Statistics   2018-08-22 10:10:00 - 2018-08-22 10:11:00
Tag                                                  Avg(ms)         Min         Max     Std Dev       Count

Performance Statistics   2018-08-22 10:11:00 - 2018-08-22 10:12:00
Tag                                                  Avg(ms)         Min         Max     Std Dev       Count

Performance Statistics   2018-08-22 10:12:00 - 2018-08-22 10:13:00
Tag                                                  Avg(ms)         Min         Max     Std Dev       Count

Performance Statistics   2018-08-22 10:13:00 - 2018-08-22 10:14:00
Tag                                                  Avg(ms)         Min         Max     Std Dev       Count

Performance Statistics   2018-08-22 10:14:00 - 2018-08-22 10:15:00
Tag                                                  Avg(ms)         Min         Max     Std Dev       Count

Performance Statistics   2018-08-22 10:15:00 - 2018-08-22 10:16:00
Tag                                                  Avg(ms)         Min         Max     Std Dev       Count

Performance Statistics   2018-08-22 10:16:00 - 2018-08-22 10:17:00
Tag                                                  Avg(ms)         Min         Max     Std Dev       Count

Performance Statistics   2018-08-22 10:17:00 - 2018-08-22 10:18:00
Tag                                                  Avg(ms)         Min         Max     Std Dev       Count

Performance Statistics   2018-08-22 10:18:00 - 2018-08-22 10:19:00
Tag                                                  Avg(ms)         Min         Max     Std Dev       Count

Performance Statistics   2018-08-22 10:19:00 - 2018-08-22 10:20:00
Tag                                                  Avg(ms)         Min         Max     Std Dev       Count

Performance Statistics   2018-08-22 10:20:00 - 2018-08-22 10:21:00
Tag                                                  Avg(ms)         Min         Max     Std Dev       Count
AUTHENTICATE                                            11.0          11          11         0.0           1
CREATE_TICKET_GRANTING_TICKET                           14.0          14          14         0.0           1
GRANT_SERVICE_TICKET                                     4.0           4           4         0.0           1
VALIDATE_SERVICE_TICKET                                  7.0           7           7         0.0           1

Performance Statistics   2018-08-22 10:21:00 - 2018-08-22 10:22:00
Tag                                                  Avg(ms)         Min         Max     Std Dev       Count

Performance Statistics   2018-08-22 10:22:00 - 2018-08-22 10:23:00
Tag                                                  Avg(ms)         Min         Max     Std Dev       Count
GRANT_SERVICE_TICKET                                     4.5           2           8         2.6           4

Performance Statistics   2018-08-22 10:23:00 - 2018-08-22 10:24:00
Tag                                                  Avg(ms)         Min         Max     Std Dev       Count
GRANT_SERVICE_TICKET                                     3.0           3           3         0.0           3
VALIDATE_SERVICE_TICKET                                  1.0           1           1         0.0           1

Performance Statistics   2018-08-22 10:24:00 - 2018-08-22 10:25:00
Tag                                                  Avg(ms)         Min         Max     Std Dev       Count

Performance Statistics   2018-08-22 10:25:00 - 2018-08-22 10:26:00
Tag                                                  Avg(ms)         Min         Max     Std Dev       Count

Performance Statistics   2018-08-22 10:26:00 - 2018-08-22 10:27:00
Tag                                                  Avg(ms)         Min         Max     Std Dev       Count

Performance Statistics   2018-08-22 10:27:00 - 2018-08-22 10:28:00
Tag                                                  Avg(ms)         Min         Max     Std Dev       Count

Performance Statistics   2018-08-22 10:28:00 - 2018-08-22 10:29:00
Tag                                                  Avg(ms)         Min         Max     Std Dev       Count

Performance Statistics   2018-08-22 10:29:00 - 2018-08-22 10:30:00
Tag                                                  Avg(ms)         Min         Max     Std Dev       Count
AUTHENTICATE                                           719.0         719         719         0.0           1
CREATE_TICKET_GRANTING_TICKET                          724.0         724         724         0.0           1
GRANT_SERVICE_TICKET                                     2.0           2           2         0.0           1
VALIDATE_SERVICE_TICKET                                  9.0           9           9         0.0           1

Performance Statistics   2018-08-22 10:30:00 - 2018-08-22 10:31:00
Tag                                                  Avg(ms)         Min         Max     Std Dev       Count

Performance Statistics   2018-08-22 10:31:00 - 2018-08-22 10:32:00
Tag                                                  Avg(ms)         Min         Max     Std Dev       Count
GRANT_SERVICE_TICKET                                     3.5           3           4         0.5           2

Performance Statistics   2018-08-22 10:32:00 - 2018-08-22 10:33:00
Tag                                                  Avg(ms)         Min         Max     Std Dev       Count

Performance Statistics   2018-08-22 10:33:00 - 2018-08-22 10:34:00
Tag                                                  Avg(ms)         Min         Max     Std Dev       Count

Performance Statistics   2018-08-22 10:34:00 - 2018-08-22 10:35:00
Tag                                                  Avg(ms)         Min         Max     Std Dev       Count

Performance Statistics   2018-08-22 10:35:00 - 2018-08-22 10:36:00
Tag                                                  Avg(ms)         Min         Max     Std Dev       Count

Performance Statistics   2018-08-22 10:36:00 - 2018-08-22 10:37:00
Tag                                                  Avg(ms)         Min         Max     Std Dev       Count

Performance Statistics   2018-08-22 10:37:00 - 2018-08-22 10:38:00
Tag                                                  Avg(ms)         Min         Max     Std Dev       Count

Performance Statistics   2018-08-22 10:38:00 - 2018-08-22 10:39:00
Tag                                                  Avg(ms)         Min         Max     Std Dev       Count

Performance Statistics   2018-08-22 10:39:00 - 2018-08-22 10:40:00
Tag                                                  Avg(ms)         Min         Max     Std Dev       Count

Performance Statistics   2018-08-22 10:40:00 - 2018-08-22 10:41:00
Tag                                                  Avg(ms)         Min         Max     Std Dev       Count

Performance Statistics   2018-08-22 10:41:00 - 2018-08-22 10:42:00
Tag                                                  Avg(ms)         Min         Max     Std Dev       Count
GRANT_SERVICE_TICKET                                     3.0           3           3         0.0           1
VALIDATE_SERVICE_TICKET                                  1.0           1           1         0.0           1

Performance Statistics   2018-08-22 10:42:00 - 2018-08-22 10:43:00
Tag                                                  Avg(ms)         Min         Max     Std Dev       Count

Performance Statistics   2018-08-22 10:43:00 - 2018-08-22 10:44:00
Tag                                                  Avg(ms)         Min         Max     Std Dev       Count
DESTROY_TICKET_GRANTING_TICKET                          14.0          14          14         0.0           1
GRANT_SERVICE_TICKET                                     2.0           1           3         1.0           2
VALIDATE_SERVICE_TICKET                                  0.5           0           1         0.5           2

Performance Statistics   2018-08-22 10:44:00 - 2018-08-22 10:45:00
Tag                                                  Avg(ms)         Min         Max     Std Dev       Count

Performance Statistics   2018-08-22 10:46:00 - 2018-08-22 10:47:00
Tag                                                  Avg(ms)         Min         Max     Std Dev       Count
AUTHENTICATE                                           403.0           8         798       395.0           2
CREATE_TICKET_GRANTING_TICKET                          406.0          11         801       395.0           2
GRANT_SERVICE_TICKET                                     6.0           6           6         0.0           1
VALIDATE_SERVICE_TICKET                                  9.0           9           9         0.0           1

Performance Statistics   2018-08-22 10:47:00 - 2018-08-22 10:48:00
Tag                                                  Avg(ms)         Min         Max     Std Dev       Count
DESTROY_TICKET_GRANTING_TICKET                           6.0           6           6         0.0           1

Performance Statistics   2018-08-22 10:50:00 - 2018-08-22 10:51:00
Tag                                                  Avg(ms)         Min         Max     Std Dev       Count
AUTHENTICATE                                           664.0         664         664         0.0           1
CREATE_TICKET_GRANTING_TICKET                          675.0         675         675         0.0           1
GRANT_SERVICE_TICKET                                     8.0           8           8         0.0           1
VALIDATE_SERVICE_TICKET                                 10.0          10          10         0.0           1

Performance Statistics   2018-08-22 10:51:00 - 2018-08-22 10:52:00
Tag                                                  Avg(ms)         Min         Max     Std Dev       Count
DESTROY_TICKET_GRANTING_TICKET                          11.0          11          11         0.0           1

Performance Statistics   2018-08-22 10:52:00 - 2018-08-22 10:53:00
Tag                                                  Avg(ms)         Min         Max     Std Dev       Count

Performance Statistics   2018-08-22 10:53:00 - 2018-08-22 10:54:00
Tag                                                  Avg(ms)         Min         Max     Std Dev       Count

Performance Statistics   2018-08-22 10:54:00 - 2018-08-22 10:55:00
Tag                                                  Avg(ms)         Min         Max     Std Dev       Count

Performance Statistics   2018-08-22 10:55:00 - 2018-08-22 10:56:00
Tag                                                  Avg(ms)         Min         Max     Std Dev       Count

Performance Statistics   2018-08-22 10:56:00 - 2018-08-22 10:57:00
Tag                                                  Avg(ms)         Min         Max     Std Dev       Count

Performance Statistics   2018-08-22 10:57:00 - 2018-08-22 10:58:00
Tag                                                  Avg(ms)         Min         Max     Std Dev       Count

Performance Statistics   2018-08-22 10:58:00 - 2018-08-22 10:59:00
Tag                                                  Avg(ms)         Min         Max     Std Dev       Count

Performance Statistics   2018-08-22 10:59:00 - 2018-08-22 11:00:00
Tag                                                  Avg(ms)         Min         Max     Std Dev       Count

Performance Statistics   2018-08-22 11:00:00 - 2018-08-22 11:01:00
Tag                                                  Avg(ms)         Min         Max     Std Dev       Count

Performance Statistics   2018-08-22 11:01:00 - 2018-08-22 11:02:00
Tag                                                  Avg(ms)         Min         Max     Std Dev       Count

Performance Statistics   2018-08-22 11:02:00 - 2018-08-22 11:03:00
Tag                                                  Avg(ms)         Min         Max     Std Dev       Count

Performance Statistics   2018-08-22 11:03:00 - 2018-08-22 11:04:00
Tag                                                  Avg(ms)         Min         Max     Std Dev       Count

Performance Statistics   2018-08-22 11:04:00 - 2018-08-22 11:05:00
Tag                                                  Avg(ms)         Min         Max     Std Dev       Count

Performance Statistics   2018-08-22 11:05:00 - 2018-08-22 11:06:00
Tag                                                  Avg(ms)         Min         Max     Std Dev       Count

Performance Statistics   2018-08-22 11:06:00 - 2018-08-22 11:07:00
Tag                                                  Avg(ms)         Min         Max     Std Dev       Count

Performance Statistics   2018-08-22 11:07:00 - 2018-08-22 11:08:00
Tag                                                  Avg(ms)         Min         Max     Std Dev       Count

Performance Statistics   2018-08-22 11:08:00 - 2018-08-22 11:09:00
Tag                                                  Avg(ms)         Min         Max     Std Dev       Count

Performance Statistics   2018-08-22 11:09:00 - 2018-08-22 11:10:00
Tag                                                  Avg(ms)         Min         Max     Std Dev       Count

Performance Statistics   2018-08-22 11:10:00 - 2018-08-22 11:11:00
Tag                                                  Avg(ms)         Min         Max     Std Dev       Count

Performance Statistics   2018-08-22 11:11:00 - 2018-08-22 11:12:00
Tag                                                  Avg(ms)         Min         Max     Std Dev       Count

Performance Statistics   2018-08-22 11:12:00 - 2018-08-22 11:13:00
Tag                                                  Avg(ms)         Min         Max     Std Dev       Count

Performance Statistics   2018-08-22 11:13:00 - 2018-08-22 11:14:00
Tag                                                  Avg(ms)         Min         Max     Std Dev       Count

Performance Statistics   2018-08-22 11:14:00 - 2018-08-22 11:15:00
Tag                                                  Avg(ms)         Min         Max     Std Dev       Count

Performance Statistics   2018-08-22 11:15:00 - 2018-08-22 11:16:00
Tag                                                  Avg(ms)         Min         Max     Std Dev       Count

Performance Statistics   2018-08-22 11:16:00 - 2018-08-22 11:17:00
Tag                                                  Avg(ms)         Min         Max     Std Dev       Count

Performance Statistics   2018-08-22 11:17:00 - 2018-08-22 11:18:00
Tag                                                  Avg(ms)         Min         Max     Std Dev       Count

Performance Statistics   2018-08-22 11:18:00 - 2018-08-22 11:19:00
Tag                                                  Avg(ms)         Min         Max     Std Dev       Count

Performance Statistics   2018-08-22 15:42:00 - 2018-08-22 15:43:00
Tag                                                  Avg(ms)         Min         Max     Std Dev       Count
AUTHENTICATE                                           372.0          11         733       361.0           2
CREATE_TICKET_GRANTING_TICKET                          377.0          16         738       361.0           2
GRANT_SERVICE_TICKET                                     5.0           5           5         0.0           1
VALIDATE_SERVICE_TICKET                                  9.0           9           9         0.0           1

Performance Statistics   2018-08-22 15:43:00 - 2018-08-22 15:44:00
Tag                                                  Avg(ms)         Min         Max     Std Dev       Count

Performance Statistics   2018-08-22 15:44:00 - 2018-08-22 15:45:00
Tag                                                  Avg(ms)         Min         Max     Std Dev       Count

Performance Statistics   2018-08-22 15:45:00 - 2018-08-22 15:46:00
Tag                                                  Avg(ms)         Min         Max     Std Dev       Count

Performance Statistics   2018-08-22 15:46:00 - 2018-08-22 15:47:00
Tag                                                  Avg(ms)         Min         Max     Std Dev       Count

Performance Statistics   2018-08-22 15:47:00 - 2018-08-22 15:48:00
Tag                                                  Avg(ms)         Min         Max     Std Dev       Count

Performance Statistics   2018-08-22 15:48:00 - 2018-08-22 15:49:00
Tag                                                  Avg(ms)         Min         Max     Std Dev       Count

Performance Statistics   2018-08-22 15:49:00 - 2018-08-22 15:50:00
Tag                                                  Avg(ms)         Min         Max     Std Dev       Count

Performance Statistics   2018-08-22 15:50:00 - 2018-08-22 15:51:00
Tag                                                  Avg(ms)         Min         Max     Std Dev       Count

Performance Statistics   2018-08-22 15:51:00 - 2018-08-22 15:52:00
Tag                                                  Avg(ms)         Min         Max     Std Dev       Count

Performance Statistics   2018-08-22 15:52:00 - 2018-08-22 15:53:00
Tag                                                  Avg(ms)         Min         Max     Std Dev       Count

Performance Statistics   2018-08-22 15:53:00 - 2018-08-22 15:54:00
Tag                                                  Avg(ms)         Min         Max     Std Dev       Count
GRANT_SERVICE_TICKET                                     3.0           3           3         0.0           1
VALIDATE_SERVICE_TICKET                                  1.0           1           1         0.0           1

Performance Statistics   2018-08-22 15:54:00 - 2018-08-22 15:55:00
Tag                                                  Avg(ms)         Min         Max     Std Dev       Count

Performance Statistics   2018-08-22 15:55:00 - 2018-08-22 15:56:00
Tag                                                  Avg(ms)         Min         Max     Std Dev       Count

Performance Statistics   2018-08-22 15:56:00 - 2018-08-22 15:57:00
Tag                                                  Avg(ms)         Min         Max     Std Dev       Count

Performance Statistics   2018-08-22 15:59:00 - 2018-08-22 16:00:00
Tag                                                  Avg(ms)         Min         Max     Std Dev       Count

Performance Statistics   2018-08-22 16:00:00 - 2018-08-22 16:01:00
Tag                                                  Avg(ms)         Min         Max     Std Dev       Count

Performance Statistics   2018-08-22 16:01:00 - 2018-08-22 16:02:00
Tag                                                  Avg(ms)         Min         Max     Std Dev       Count

Performance Statistics   2018-08-22 16:02:00 - 2018-08-22 16:03:00
Tag                                                  Avg(ms)         Min         Max     Std Dev       Count
AUTHENTICATE                                           742.0         742         742         0.0           1
CREATE_TICKET_GRANTING_TICKET                          756.0         756         756         0.0           1
GRANT_SERVICE_TICKET                                     7.0           7           7         0.0           1
VALIDATE_SERVICE_TICKET                                 10.0          10          10         0.0           1

Performance Statistics   2018-08-22 16:03:00 - 2018-08-22 16:04:00
Tag                                                  Avg(ms)         Min         Max     Std Dev       Count

Performance Statistics   2018-08-22 16:07:00 - 2018-08-22 16:08:00
Tag                                                  Avg(ms)         Min         Max     Std Dev       Count
DESTROY_TICKET_GRANTING_TICKET                           6.0           6           6         0.0           1

